
================================================================================
EXPERIMENT LOG
================================================================================
Experiment Name: cifar10_baseline
Start Time: 2025-12-05T22:28:44.300548

GIT INFORMATION:
  Commit:  f9382c562720cb72e7e22d951789f10ff22aeffa
  Branch:  main
  Remote:  https://github.com/alainwelliver/deep-learning-speedrun-project.git
  Dirty:   True
  
GPU INFORMATION:
  CUDA Available: True
  Device Count:   1
  CUDA Version:   12.8
  PyTorch:        2.8.0+cu128
  Device 0: NVIDIA A100 80GB PCIe (85.1 GB)

================================================================================

[2025-12-05 22:28:44.301] [INFO] Starting experiment: cifar10_baseline
[2025-12-05 22:28:44.301] [INFO] Configuration file: configs/baseline.json
[2025-12-05 22:28:44.301] [INFO] Number of runs: 100
[2025-12-05 22:28:44.301] [INFO] Base seed: 42
[2025-12-05 22:28:44.301] [INFO] Hypothesis: Baseline performance measurement using original airbench94 configuration
[2025-12-05 22:28:44.301] [INFO] Modification: None - using original airbench94.py without modifications
[2025-12-05 22:28:44.301] [INFO] Hyperparameters saved to hyperparameters.json
[2025-12-05 22:28:44.301] [INFO] Hyperparameters: {
  "experiment_name": "cifar10_baseline",
  "hypothesis": "Baseline performance measurement using original airbench94 configuration",
  "modification": "None - using original airbench94.py without modifications",
  "description": "This is the baseline experiment to establish performance benchmarks. We use the default airbench94 hyperparameters to train a VGG-style model on CIFAR-10. Results from this experiment will serve as the reference point for evaluating modifications.",
  "base_seed": 42,
  "hyperparameters": {
    "note": "These are the default airbench94 hyperparameters. They can be overridden by setting them at the top level of this config.",
    "batch_size": 1024,
    "learning_rate": 11.5,
    "epochs": 9.9,
    "momentum": 0.85,
    "weight_decay": 0.0153,
    "bias_scaler": 64.0,
    "label_smoothing": 0.2,
    "whiten_bias_epochs": 3,
    "augmentation": {
      "flip": true,
      "translate": 2
    },
    "network": {
      "widths": {
        "block1": 64,
        "block2": 256,
        "block3": 256
      },
      "batchnorm_momentum": 0.6,
      "scaling_factor": 0.1111111,
      "tta_level": 2
    }
  },
  "target_accuracy": 0.94,
  "expected_results": {
    "note": "Based on airbench94 paper, we expect ~94% accuracy in ~3.8 seconds on A100",
    "mean_accuracy": 0.9401,
    "std_accuracy": 0.0014,
    "mean_time_seconds": 3.83
  },
  "compute_requirements": {
    "gpu": "NVIDIA A100",
    "gpu_memory_gb": 40,
    "estimated_time_per_run_seconds": 4,
    "estimated_total_time_minutes": 1.5
  },
  "notes": [
    "This baseline uses all the optimizations from the airbench94 paper:",
    "- Frozen patch-whitening initialization",
    "- Identity initialization for conv layers",
    "- Scaled bias learning rates",
    "- Lookahead optimizer",
    "- Multi-crop test-time augmentation",
    "- Alternating flip augmentation",
    "Run this first to establish your baseline before testing modifications."
  ]
}
[2025-12-05 22:28:44.301] [INFO] Loading and configuring airbench94...
[2025-12-05 22:28:44.963] [INFO] Running warmup...
[2025-12-05 22:29:05.292] [INFO] Warmup complete
[2025-12-05 22:29:05.292] [INFO] ================================================================================
[2025-12-05 22:29:05.292] [INFO] Starting 100 training runs...
[2025-12-05 22:29:05.292] [INFO] ================================================================================
[2025-12-05 22:29:05.292] [INFO] Starting run 0 with seed 42
[2025-12-05 22:29:09.585] [INFO] Run 0 complete: accuracy=0.9388, time=4.29s, seed=42
[2025-12-05 22:29:09.585] [INFO] Starting run 1 with seed 43
[2025-12-05 22:29:13.868] [INFO] Run 1 complete: accuracy=0.9405, time=4.28s, seed=43
[2025-12-05 22:29:13.868] [INFO] Starting run 2 with seed 44
[2025-12-05 22:29:18.161] [INFO] Run 2 complete: accuracy=0.9404, time=4.29s, seed=44
[2025-12-05 22:29:18.161] [INFO] Starting run 3 with seed 45
[2025-12-05 22:29:22.452] [INFO] Run 3 complete: accuracy=0.9415, time=4.29s, seed=45
[2025-12-05 22:29:22.452] [INFO] Starting run 4 with seed 46
[2025-12-05 22:29:26.788] [INFO] Run 4 complete: accuracy=0.9424, time=4.34s, seed=46
[2025-12-05 22:29:26.788] [INFO] Progress: 5/100 runs completed (5 successful)
[2025-12-05 22:29:26.788] [INFO] Starting run 5 with seed 47
[2025-12-05 22:29:31.097] [INFO] Run 5 complete: accuracy=0.9381, time=4.31s, seed=47
[2025-12-05 22:29:31.097] [INFO] Starting run 6 with seed 48
[2025-12-05 22:29:35.411] [INFO] Run 6 complete: accuracy=0.9412, time=4.31s, seed=48
[2025-12-05 22:29:35.411] [INFO] Starting run 7 with seed 49
[2025-12-05 22:29:39.728] [INFO] Run 7 complete: accuracy=0.9381, time=4.32s, seed=49
[2025-12-05 22:29:39.728] [INFO] Starting run 8 with seed 50
[2025-12-05 22:29:44.116] [INFO] Run 8 complete: accuracy=0.9407, time=4.39s, seed=50
[2025-12-05 22:29:44.116] [INFO] Starting run 9 with seed 51
[2025-12-05 22:29:48.446] [INFO] Run 9 complete: accuracy=0.9411, time=4.33s, seed=51
[2025-12-05 22:29:48.446] [INFO] Progress: 10/100 runs completed (10 successful)
[2025-12-05 22:29:48.446] [INFO] Starting run 10 with seed 52
[2025-12-05 22:29:52.821] [INFO] Run 10 complete: accuracy=0.9396, time=4.37s, seed=52
[2025-12-05 22:29:52.821] [INFO] Starting run 11 with seed 53
[2025-12-05 22:29:57.225] [INFO] Run 11 complete: accuracy=0.9413, time=4.40s, seed=53
[2025-12-05 22:29:57.225] [INFO] Starting run 12 with seed 54
[2025-12-05 22:30:01.627] [INFO] Run 12 complete: accuracy=0.9422, time=4.40s, seed=54
[2025-12-05 22:30:01.627] [INFO] Starting run 13 with seed 55
[2025-12-05 22:30:06.035] [INFO] Run 13 complete: accuracy=0.9383, time=4.41s, seed=55
[2025-12-05 22:30:06.035] [INFO] Starting run 14 with seed 56
[2025-12-05 22:30:10.434] [INFO] Run 14 complete: accuracy=0.9399, time=4.40s, seed=56
[2025-12-05 22:30:10.434] [INFO] Progress: 15/100 runs completed (15 successful)
[2025-12-05 22:30:10.434] [INFO] Starting run 15 with seed 57
[2025-12-05 22:30:14.837] [INFO] Run 15 complete: accuracy=0.9416, time=4.40s, seed=57
[2025-12-05 22:30:14.837] [INFO] Starting run 16 with seed 58
[2025-12-05 22:30:19.233] [INFO] Run 16 complete: accuracy=0.9410, time=4.40s, seed=58
[2025-12-05 22:30:19.233] [INFO] Starting run 17 with seed 59
[2025-12-05 22:30:23.637] [INFO] Run 17 complete: accuracy=0.9397, time=4.40s, seed=59
[2025-12-05 22:30:23.637] [INFO] Starting run 18 with seed 60
[2025-12-05 22:30:28.042] [INFO] Run 18 complete: accuracy=0.9392, time=4.40s, seed=60
[2025-12-05 22:30:28.042] [INFO] Starting run 19 with seed 61
[2025-12-05 22:30:32.442] [INFO] Run 19 complete: accuracy=0.9410, time=4.40s, seed=61
[2025-12-05 22:30:32.442] [INFO] Progress: 20/100 runs completed (20 successful)
[2025-12-05 22:30:32.442] [INFO] Starting run 20 with seed 62
[2025-12-05 22:30:36.844] [INFO] Run 20 complete: accuracy=0.9403, time=4.40s, seed=62
[2025-12-05 22:30:36.844] [INFO] Starting run 21 with seed 63
[2025-12-05 22:30:41.244] [INFO] Run 21 complete: accuracy=0.9370, time=4.40s, seed=63
[2025-12-05 22:30:41.244] [INFO] Starting run 22 with seed 64
[2025-12-05 22:30:45.646] [INFO] Run 22 complete: accuracy=0.9410, time=4.40s, seed=64
[2025-12-05 22:30:45.646] [INFO] Starting run 23 with seed 65
[2025-12-05 22:30:50.043] [INFO] Run 23 complete: accuracy=0.9400, time=4.40s, seed=65
[2025-12-05 22:30:50.043] [INFO] Starting run 24 with seed 66
[2025-12-05 22:30:54.450] [INFO] Run 24 complete: accuracy=0.9422, time=4.41s, seed=66
[2025-12-05 22:30:54.450] [INFO] Progress: 25/100 runs completed (25 successful)
[2025-12-05 22:30:54.450] [INFO] Starting run 25 with seed 67
[2025-12-05 22:30:58.849] [INFO] Run 25 complete: accuracy=0.9415, time=4.40s, seed=67
[2025-12-05 22:30:58.849] [INFO] Starting run 26 with seed 68
[2025-12-05 22:31:03.234] [INFO] Run 26 complete: accuracy=0.9399, time=4.38s, seed=68
[2025-12-05 22:31:03.234] [INFO] Starting run 27 with seed 69
[2025-12-05 22:31:07.634] [INFO] Run 27 complete: accuracy=0.9391, time=4.40s, seed=69
[2025-12-05 22:31:07.634] [INFO] Starting run 28 with seed 70
[2025-12-05 22:31:12.049] [INFO] Run 28 complete: accuracy=0.9398, time=4.41s, seed=70
[2025-12-05 22:31:12.049] [INFO] Starting run 29 with seed 71
[2025-12-05 22:31:16.449] [INFO] Run 29 complete: accuracy=0.9434, time=4.40s, seed=71
[2025-12-05 22:31:16.449] [INFO] Progress: 30/100 runs completed (30 successful)
[2025-12-05 22:31:16.449] [INFO] Starting run 30 with seed 72
[2025-12-05 22:31:20.840] [INFO] Run 30 complete: accuracy=0.9387, time=4.39s, seed=72
[2025-12-05 22:31:20.840] [INFO] Starting run 31 with seed 73
[2025-12-05 22:31:25.248] [INFO] Run 31 complete: accuracy=0.9425, time=4.41s, seed=73
[2025-12-05 22:31:25.248] [INFO] Starting run 32 with seed 74
[2025-12-05 22:31:29.604] [INFO] Run 32 complete: accuracy=0.9408, time=4.36s, seed=74
[2025-12-05 22:31:29.604] [INFO] Starting run 33 with seed 75
[2025-12-05 22:31:33.965] [INFO] Run 33 complete: accuracy=0.9398, time=4.36s, seed=75
[2025-12-05 22:31:33.965] [INFO] Starting run 34 with seed 76
[2025-12-05 22:31:38.350] [INFO] Run 34 complete: accuracy=0.9402, time=4.38s, seed=76
[2025-12-05 22:31:38.350] [INFO] Progress: 35/100 runs completed (35 successful)
[2025-12-05 22:31:38.350] [INFO] Starting run 35 with seed 77
[2025-12-05 22:31:42.743] [INFO] Run 35 complete: accuracy=0.9402, time=4.39s, seed=77
[2025-12-05 22:31:42.744] [INFO] Starting run 36 with seed 78
[2025-12-05 22:31:47.136] [INFO] Run 36 complete: accuracy=0.9400, time=4.39s, seed=78
[2025-12-05 22:31:47.136] [INFO] Starting run 37 with seed 79
[2025-12-05 22:31:51.552] [INFO] Run 37 complete: accuracy=0.9394, time=4.41s, seed=79
[2025-12-05 22:31:51.552] [INFO] Starting run 38 with seed 80
[2025-12-05 22:31:55.953] [INFO] Run 38 complete: accuracy=0.9394, time=4.40s, seed=80
[2025-12-05 22:31:55.953] [INFO] Starting run 39 with seed 81
[2025-12-05 22:32:00.352] [INFO] Run 39 complete: accuracy=0.9390, time=4.40s, seed=81
[2025-12-05 22:32:00.352] [INFO] Progress: 40/100 runs completed (40 successful)
[2025-12-05 22:32:00.352] [INFO] Starting run 40 with seed 82
[2025-12-05 22:32:04.751] [INFO] Run 40 complete: accuracy=0.9429, time=4.40s, seed=82
[2025-12-05 22:32:04.751] [INFO] Starting run 41 with seed 83
[2025-12-05 22:32:09.151] [INFO] Run 41 complete: accuracy=0.9395, time=4.40s, seed=83
[2025-12-05 22:32:09.151] [INFO] Starting run 42 with seed 84
[2025-12-05 22:32:13.518] [INFO] Run 42 complete: accuracy=0.9405, time=4.37s, seed=84
[2025-12-05 22:32:13.518] [INFO] Starting run 43 with seed 85
[2025-12-05 22:32:17.952] [INFO] Run 43 complete: accuracy=0.9381, time=4.43s, seed=85
[2025-12-05 22:32:17.952] [INFO] Starting run 44 with seed 86
[2025-12-05 22:32:22.317] [INFO] Run 44 complete: accuracy=0.9396, time=4.36s, seed=86
[2025-12-05 22:32:22.317] [INFO] Progress: 45/100 runs completed (45 successful)
[2025-12-05 22:32:22.317] [INFO] Starting run 45 with seed 87
[2025-12-05 22:32:26.748] [INFO] Run 45 complete: accuracy=0.9407, time=4.43s, seed=87
[2025-12-05 22:32:26.748] [INFO] Starting run 46 with seed 88
[2025-12-05 22:32:31.149] [INFO] Run 46 complete: accuracy=0.9405, time=4.40s, seed=88
[2025-12-05 22:32:31.149] [INFO] Starting run 47 with seed 89
[2025-12-05 22:32:35.514] [INFO] Run 47 complete: accuracy=0.9405, time=4.36s, seed=89
[2025-12-05 22:32:35.514] [INFO] Starting run 48 with seed 90
[2025-12-05 22:32:39.950] [INFO] Run 48 complete: accuracy=0.9393, time=4.44s, seed=90
[2025-12-05 22:32:39.950] [INFO] Starting run 49 with seed 91
[2025-12-05 22:32:44.355] [INFO] Run 49 complete: accuracy=0.9385, time=4.40s, seed=91
[2025-12-05 22:32:44.355] [INFO] Progress: 50/100 runs completed (50 successful)
[2025-12-05 22:32:44.355] [INFO] Starting run 50 with seed 92
[2025-12-05 22:32:48.711] [INFO] Run 50 complete: accuracy=0.9413, time=4.36s, seed=92
[2025-12-05 22:32:48.711] [INFO] Starting run 51 with seed 93
[2025-12-05 22:32:53.072] [INFO] Run 51 complete: accuracy=0.9403, time=4.36s, seed=93
[2025-12-05 22:32:53.072] [INFO] Starting run 52 with seed 94
[2025-12-05 22:32:57.447] [INFO] Run 52 complete: accuracy=0.9415, time=4.37s, seed=94
[2025-12-05 22:32:57.447] [INFO] Starting run 53 with seed 95
[2025-12-05 22:33:01.845] [INFO] Run 53 complete: accuracy=0.9409, time=4.40s, seed=95
[2025-12-05 22:33:01.845] [INFO] Starting run 54 with seed 96
[2025-12-05 22:33:06.247] [INFO] Run 54 complete: accuracy=0.9402, time=4.40s, seed=96
[2025-12-05 22:33:06.247] [INFO] Progress: 55/100 runs completed (55 successful)
[2025-12-05 22:33:06.247] [INFO] Starting run 55 with seed 97
[2025-12-05 22:33:10.650] [INFO] Run 55 complete: accuracy=0.9402, time=4.40s, seed=97
[2025-12-05 22:33:10.650] [INFO] Starting run 56 with seed 98
[2025-12-05 22:33:15.046] [INFO] Run 56 complete: accuracy=0.9384, time=4.40s, seed=98
[2025-12-05 22:33:15.046] [INFO] Starting run 57 with seed 99
[2025-12-05 22:33:19.451] [INFO] Run 57 complete: accuracy=0.9386, time=4.40s, seed=99
[2025-12-05 22:33:19.451] [INFO] Starting run 58 with seed 100
[2025-12-05 22:33:23.851] [INFO] Run 58 complete: accuracy=0.9407, time=4.40s, seed=100
[2025-12-05 22:33:23.851] [INFO] Starting run 59 with seed 101
[2025-12-05 22:33:28.254] [INFO] Run 59 complete: accuracy=0.9388, time=4.40s, seed=101
[2025-12-05 22:33:28.254] [INFO] Progress: 60/100 runs completed (60 successful)
[2025-12-05 22:33:28.254] [INFO] Starting run 60 with seed 102
[2025-12-05 22:33:32.649] [INFO] Run 60 complete: accuracy=0.9427, time=4.39s, seed=102
[2025-12-05 22:33:32.649] [INFO] Starting run 61 with seed 103
[2025-12-05 22:33:37.056] [INFO] Run 61 complete: accuracy=0.9412, time=4.41s, seed=103
[2025-12-05 22:33:37.056] [INFO] Starting run 62 with seed 104
[2025-12-05 22:33:41.452] [INFO] Run 62 complete: accuracy=0.9399, time=4.39s, seed=104
[2025-12-05 22:33:41.452] [INFO] Starting run 63 with seed 105
[2025-12-05 22:33:45.847] [INFO] Run 63 complete: accuracy=0.9405, time=4.39s, seed=105
[2025-12-05 22:33:45.847] [INFO] Starting run 64 with seed 106
[2025-12-05 22:33:50.252] [INFO] Run 64 complete: accuracy=0.9390, time=4.40s, seed=106
[2025-12-05 22:33:50.252] [INFO] Progress: 65/100 runs completed (65 successful)
[2025-12-05 22:33:50.252] [INFO] Starting run 65 with seed 107
[2025-12-05 22:33:54.637] [INFO] Run 65 complete: accuracy=0.9407, time=4.38s, seed=107
[2025-12-05 22:33:54.637] [INFO] Starting run 66 with seed 108
[2025-12-05 22:33:59.047] [INFO] Run 66 complete: accuracy=0.9392, time=4.41s, seed=108
[2025-12-05 22:33:59.047] [INFO] Starting run 67 with seed 109
[2025-12-05 22:34:03.450] [INFO] Run 67 complete: accuracy=0.9386, time=4.40s, seed=109
[2025-12-05 22:34:03.450] [INFO] Starting run 68 with seed 110
[2025-12-05 22:34:07.845] [INFO] Run 68 complete: accuracy=0.9383, time=4.39s, seed=110
[2025-12-05 22:34:07.845] [INFO] Starting run 69 with seed 111
[2025-12-05 22:34:12.205] [INFO] Run 69 complete: accuracy=0.9383, time=4.36s, seed=111
[2025-12-05 22:34:12.205] [INFO] Progress: 70/100 runs completed (70 successful)
[2025-12-05 22:34:12.205] [INFO] Starting run 70 with seed 112
[2025-12-05 22:34:16.568] [INFO] Run 70 complete: accuracy=0.9409, time=4.36s, seed=112
[2025-12-05 22:34:16.568] [INFO] Starting run 71 with seed 113
[2025-12-05 22:34:20.955] [INFO] Run 71 complete: accuracy=0.9368, time=4.39s, seed=113
[2025-12-05 22:34:20.955] [INFO] Starting run 72 with seed 114
[2025-12-05 22:34:25.364] [INFO] Run 72 complete: accuracy=0.9394, time=4.41s, seed=114
[2025-12-05 22:34:25.364] [INFO] Starting run 73 with seed 115
[2025-12-05 22:34:29.758] [INFO] Run 73 complete: accuracy=0.9414, time=4.39s, seed=115
[2025-12-05 22:34:29.758] [INFO] Starting run 74 with seed 116
[2025-12-05 22:34:34.144] [INFO] Run 74 complete: accuracy=0.9400, time=4.39s, seed=116
[2025-12-05 22:34:34.145] [INFO] Progress: 75/100 runs completed (75 successful)
[2025-12-05 22:34:34.145] [INFO] Starting run 75 with seed 117
[2025-12-05 22:34:38.505] [INFO] Run 75 complete: accuracy=0.9389, time=4.36s, seed=117
[2025-12-05 22:34:38.505] [INFO] Starting run 76 with seed 118
[2025-12-05 22:34:42.870] [INFO] Run 76 complete: accuracy=0.9397, time=4.36s, seed=118
[2025-12-05 22:34:42.870] [INFO] Starting run 77 with seed 119
[2025-12-05 22:34:47.250] [INFO] Run 77 complete: accuracy=0.9392, time=4.38s, seed=119
[2025-12-05 22:34:47.250] [INFO] Starting run 78 with seed 120
[2025-12-05 22:34:51.653] [INFO] Run 78 complete: accuracy=0.9390, time=4.40s, seed=120
[2025-12-05 22:34:51.653] [INFO] Starting run 79 with seed 121
[2025-12-05 22:34:56.049] [INFO] Run 79 complete: accuracy=0.9414, time=4.40s, seed=121
[2025-12-05 22:34:56.049] [INFO] Progress: 80/100 runs completed (80 successful)
[2025-12-05 22:34:56.049] [INFO] Starting run 80 with seed 122
[2025-12-05 22:35:00.450] [INFO] Run 80 complete: accuracy=0.9406, time=4.40s, seed=122
[2025-12-05 22:35:00.451] [INFO] Starting run 81 with seed 123
[2025-12-05 22:35:04.850] [INFO] Run 81 complete: accuracy=0.9420, time=4.40s, seed=123
[2025-12-05 22:35:04.850] [INFO] Starting run 82 with seed 124
[2025-12-05 22:35:09.256] [INFO] Run 82 complete: accuracy=0.9407, time=4.41s, seed=124
[2025-12-05 22:35:09.257] [INFO] Starting run 83 with seed 125
[2025-12-05 22:35:13.647] [INFO] Run 83 complete: accuracy=0.9416, time=4.39s, seed=125
[2025-12-05 22:35:13.647] [INFO] Starting run 84 with seed 126
[2025-12-05 22:35:18.053] [INFO] Run 84 complete: accuracy=0.9391, time=4.41s, seed=126
[2025-12-05 22:35:18.053] [INFO] Progress: 85/100 runs completed (85 successful)
[2025-12-05 22:35:18.053] [INFO] Starting run 85 with seed 127
[2025-12-05 22:35:22.451] [INFO] Run 85 complete: accuracy=0.9414, time=4.40s, seed=127
[2025-12-05 22:35:22.451] [INFO] Starting run 86 with seed 128
[2025-12-05 22:35:26.855] [INFO] Run 86 complete: accuracy=0.9393, time=4.40s, seed=128
[2025-12-05 22:35:26.855] [INFO] Starting run 87 with seed 129
[2025-12-05 22:35:31.257] [INFO] Run 87 complete: accuracy=0.9444, time=4.40s, seed=129
[2025-12-05 22:35:31.257] [INFO] Starting run 88 with seed 130
[2025-12-05 22:35:35.615] [INFO] Run 88 complete: accuracy=0.9416, time=4.36s, seed=130
[2025-12-05 22:35:35.615] [INFO] Starting run 89 with seed 131
[2025-12-05 22:35:39.977] [INFO] Run 89 complete: accuracy=0.9399, time=4.36s, seed=131
[2025-12-05 22:35:39.977] [INFO] Progress: 90/100 runs completed (90 successful)
[2025-12-05 22:35:39.977] [INFO] Starting run 90 with seed 132
[2025-12-05 22:35:44.336] [INFO] Run 90 complete: accuracy=0.9380, time=4.36s, seed=132
[2025-12-05 22:35:44.336] [INFO] Starting run 91 with seed 133
[2025-12-05 22:35:48.739] [INFO] Run 91 complete: accuracy=0.9409, time=4.40s, seed=133
[2025-12-05 22:35:48.739] [INFO] Starting run 92 with seed 134
[2025-12-05 22:35:53.149] [INFO] Run 92 complete: accuracy=0.9389, time=4.41s, seed=134
[2025-12-05 22:35:53.149] [INFO] Starting run 93 with seed 135
[2025-12-05 22:35:57.555] [INFO] Run 93 complete: accuracy=0.9385, time=4.41s, seed=135
[2025-12-05 22:35:57.555] [INFO] Starting run 94 with seed 136
[2025-12-05 22:36:01.935] [INFO] Run 94 complete: accuracy=0.9411, time=4.38s, seed=136
[2025-12-05 22:36:01.935] [INFO] Progress: 95/100 runs completed (95 successful)
[2025-12-05 22:36:01.935] [INFO] Starting run 95 with seed 137
[2025-12-05 22:36:06.351] [INFO] Run 95 complete: accuracy=0.9408, time=4.42s, seed=137
[2025-12-05 22:36:06.351] [INFO] Starting run 96 with seed 138
[2025-12-05 22:36:10.744] [INFO] Run 96 complete: accuracy=0.9399, time=4.39s, seed=138
[2025-12-05 22:36:10.744] [INFO] Starting run 97 with seed 139
[2025-12-05 22:36:15.106] [INFO] Run 97 complete: accuracy=0.9400, time=4.36s, seed=139
[2025-12-05 22:36:15.106] [INFO] Starting run 98 with seed 140
[2025-12-05 22:36:19.469] [INFO] Run 98 complete: accuracy=0.9380, time=4.36s, seed=140
[2025-12-05 22:36:19.469] [INFO] Starting run 99 with seed 141
[2025-12-05 22:36:23.829] [INFO] Run 99 complete: accuracy=0.9401, time=4.36s, seed=141
[2025-12-05 22:36:23.829] [INFO] Progress: 100/100 runs completed (100 successful)
[2025-12-05 22:36:23.829] [INFO] ================================================================================
[2025-12-05 22:36:23.829] [INFO] All runs completed: 100/100 successful
[2025-12-05 22:36:23.829] [INFO] ================================================================================
[2025-12-05 22:36:23.829] [INFO] Computing statistics...
[2025-12-05 22:36:24.184] [INFO] Accuracy: 0.9401 ± 0.0014 (std)
[2025-12-05 22:36:24.185] [INFO] Accuracy 95% CI: [0.9399, 0.9404]
[2025-12-05 22:36:24.185] [INFO] Accuracy range: [0.9368, 0.9444]
[2025-12-05 22:36:24.185] [INFO] Median accuracy: 0.9401
[2025-12-05 22:36:24.185] [INFO] Mean time per run: 4.38s ± 0.03s
[2025-12-05 22:36:24.185] [INFO] Total training time: 438.48s (0.12 hours)
[2025-12-05 22:36:24.185] [INFO] Target accuracy: 0.9400
[2025-12-05 22:36:24.185] [INFO] ✓ Target accuracy ACHIEVED: 0.9401 >= 0.9400
[2025-12-05 22:36:24.185] [INFO] ================================================================================
[2025-12-05 22:36:24.185] [INFO] FINALIZING EXPERIMENT
[2025-12-05 22:36:24.185] [INFO] ================================================================================
[2025-12-05 22:36:24.186] [INFO] Experiment completed with 100 runs
[2025-12-05 22:36:24.186] [INFO] Mean accuracy: 0.9401 ± 0.0014
[2025-12-05 22:36:24.186] [INFO] 95% CI: [0.9399, 0.9404]
[2025-12-05 22:36:24.186] [INFO] Summary saved to summary.json
[2025-12-05 22:36:24.186] [INFO] End Time: 2025-12-05 22:36:24.186674
[2025-12-05 22:36:24.186] [INFO] ================================================================================
