
================================================================================
EXPERIMENT LOG
================================================================================
Experiment Name: cifar10_baseline
Start Time: 2025-12-07T14:53:52.199961

GIT INFORMATION:
  Commit:  ee255720c8ef3e5054fad0db06f75025343764fa
  Branch:  main
  Remote:  https://github.com/alainwelliver/deep-learning-speedrun-project.git
  Dirty:   False
  
GPU INFORMATION:
  CUDA Available: True
  Device Count:   1
  CUDA Version:   12.8
  PyTorch:        2.8.0+cu128
  Device 0: NVIDIA A100 80GB PCIe (85.1 GB)

================================================================================

[2025-12-07 14:53:52.200] [INFO] Starting experiment: cifar10_baseline
[2025-12-07 14:53:52.200] [INFO] Configuration file: configs/baseline.json
[2025-12-07 14:53:52.200] [INFO] Module: airbench94
[2025-12-07 14:53:52.200] [INFO] Number of runs: 200
[2025-12-07 14:53:52.200] [INFO] Base seed: 42
[2025-12-07 14:53:52.200] [INFO] Hypothesis: Baseline performance measurement using original airbench94 configuration
[2025-12-07 14:53:52.200] [INFO] Modification: None - using original airbench94.py without modifications
[2025-12-07 14:53:52.201] [INFO] Hyperparameters saved to hyperparameters.json
[2025-12-07 14:53:52.201] [INFO] Hyperparameters: {
  "experiment_name": "cifar10_baseline",
  "hypothesis": "Baseline performance measurement using original airbench94 configuration",
  "modification": "None - using original airbench94.py without modifications",
  "description": "This is the baseline experiment to establish performance benchmarks. We use the default airbench94 hyperparameters to train a VGG-style model on CIFAR-10. Results from this experiment will serve as the reference point for evaluating modifications.",
  "base_seed": 42,
  "hyperparameters": {
    "note": "These are the default airbench94 hyperparameters. They can be overridden by setting them at the top level of this config.",
    "batch_size": 1024,
    "learning_rate": 11.5,
    "epochs": 9.9,
    "momentum": 0.85,
    "weight_decay": 0.0153,
    "bias_scaler": 64.0,
    "label_smoothing": 0.2,
    "whiten_bias_epochs": 3,
    "augmentation": {
      "flip": true,
      "translate": 2
    },
    "network": {
      "widths": {
        "block1": 64,
        "block2": 256,
        "block3": 256
      },
      "batchnorm_momentum": 0.6,
      "scaling_factor": 0.1111111,
      "tta_level": 2
    }
  },
  "target_accuracy": 0.94,
  "expected_results": {
    "note": "Based on airbench94 paper, we expect ~94% accuracy in ~3.8 seconds on A100",
    "mean_accuracy": 0.9401,
    "std_accuracy": 0.0014,
    "mean_time_seconds": 3.83
  },
  "compute_requirements": {
    "gpu": "NVIDIA A100",
    "gpu_memory_gb": 40,
    "estimated_time_per_run_seconds": 4,
    "estimated_total_time_minutes": 1.5
  },
  "notes": [
    "This baseline uses all the optimizations from the airbench94 paper:",
    "- Frozen patch-whitening initialization",
    "- Identity initialization for conv layers",
    "- Scaled bias learning rates",
    "- Lookahead optimizer",
    "- Multi-crop test-time augmentation",
    "- Alternating flip augmentation",
    "Run this first to establish your baseline before testing modifications."
  ]
}
[2025-12-07 14:53:52.201] [INFO] Loading and configuring airbench94...
[2025-12-07 14:53:53.164] [INFO] Effective augmentation config: {'flip': True, 'translate': 2}
[2025-12-07 14:53:53.164] [INFO] Running warmup...
[2025-12-07 14:54:13.587] [INFO] Warmup complete
[2025-12-07 14:54:13.588] [INFO] ================================================================================
[2025-12-07 14:54:13.588] [INFO] Starting 200 training runs...
[2025-12-07 14:54:13.588] [INFO] ================================================================================
[2025-12-07 14:54:13.588] [INFO] Starting run 0 with seed 42
[2025-12-07 14:54:19.221] [INFO] Run 0 complete: accuracy=0.9393, time=5.63s, seed=42
[2025-12-07 14:54:19.222] [INFO] Starting run 1 with seed 43
[2025-12-07 14:54:25.029] [INFO] Run 1 complete: accuracy=0.9402, time=5.81s, seed=43
[2025-12-07 14:54:25.029] [INFO] Starting run 2 with seed 44
[2025-12-07 14:54:30.836] [INFO] Run 2 complete: accuracy=0.9411, time=5.81s, seed=44
[2025-12-07 14:54:30.837] [INFO] Starting run 3 with seed 45
[2025-12-07 14:54:36.545] [INFO] Run 3 complete: accuracy=0.9409, time=5.71s, seed=45
[2025-12-07 14:54:36.545] [INFO] Starting run 4 with seed 46
[2025-12-07 14:54:42.360] [INFO] Run 4 complete: accuracy=0.9411, time=5.81s, seed=46
[2025-12-07 14:54:42.360] [INFO] Progress: 5/200 runs completed (5 successful)
[2025-12-07 14:54:42.360] [INFO] Starting run 5 with seed 47
[2025-12-07 14:54:48.164] [INFO] Run 5 complete: accuracy=0.9390, time=5.80s, seed=47
[2025-12-07 14:54:48.164] [INFO] Starting run 6 with seed 48
[2025-12-07 14:54:53.957] [INFO] Run 6 complete: accuracy=0.9392, time=5.79s, seed=48
[2025-12-07 14:54:53.957] [INFO] Starting run 7 with seed 49
[2025-12-07 14:54:59.761] [INFO] Run 7 complete: accuracy=0.9388, time=5.80s, seed=49
[2025-12-07 14:54:59.761] [INFO] Starting run 8 with seed 50
[2025-12-07 14:55:05.566] [INFO] Run 8 complete: accuracy=0.9418, time=5.80s, seed=50
[2025-12-07 14:55:05.566] [INFO] Starting run 9 with seed 51
[2025-12-07 14:55:11.383] [INFO] Run 9 complete: accuracy=0.9390, time=5.82s, seed=51
[2025-12-07 14:55:11.383] [INFO] Progress: 10/200 runs completed (10 successful)
[2025-12-07 14:55:11.384] [INFO] Starting run 10 with seed 52
[2025-12-07 14:55:17.074] [INFO] Run 10 complete: accuracy=0.9410, time=5.69s, seed=52
[2025-12-07 14:55:17.074] [INFO] Starting run 11 with seed 53
[2025-12-07 14:55:22.885] [INFO] Run 11 complete: accuracy=0.9401, time=5.81s, seed=53
[2025-12-07 14:55:22.885] [INFO] Starting run 12 with seed 54
[2025-12-07 14:55:28.788] [INFO] Run 12 complete: accuracy=0.9407, time=5.90s, seed=54
[2025-12-07 14:55:28.788] [INFO] Starting run 13 with seed 55
[2025-12-07 14:55:34.596] [INFO] Run 13 complete: accuracy=0.9422, time=5.81s, seed=55
[2025-12-07 14:55:34.597] [INFO] Starting run 14 with seed 56
[2025-12-07 14:55:40.484] [INFO] Run 14 complete: accuracy=0.9416, time=5.89s, seed=56
[2025-12-07 14:55:40.484] [INFO] Progress: 15/200 runs completed (15 successful)
[2025-12-07 14:55:40.484] [INFO] Starting run 15 with seed 57
[2025-12-07 14:55:46.184] [INFO] Run 15 complete: accuracy=0.9396, time=5.70s, seed=57
[2025-12-07 14:55:46.184] [INFO] Starting run 16 with seed 58
[2025-12-07 14:55:52.088] [INFO] Run 16 complete: accuracy=0.9393, time=5.90s, seed=58
[2025-12-07 14:55:52.088] [INFO] Starting run 17 with seed 59
[2025-12-07 14:55:57.895] [INFO] Run 17 complete: accuracy=0.9417, time=5.81s, seed=59
[2025-12-07 14:55:57.896] [INFO] Starting run 18 with seed 60
[2025-12-07 14:56:03.790] [INFO] Run 18 complete: accuracy=0.9389, time=5.89s, seed=60
[2025-12-07 14:56:03.790] [INFO] Starting run 19 with seed 61
[2025-12-07 14:56:09.702] [INFO] Run 19 complete: accuracy=0.9411, time=5.91s, seed=61
[2025-12-07 14:56:09.703] [INFO] Progress: 20/200 runs completed (20 successful)
[2025-12-07 14:56:09.703] [INFO] Starting run 20 with seed 62
[2025-12-07 14:56:15.591] [INFO] Run 20 complete: accuracy=0.9420, time=5.89s, seed=62
[2025-12-07 14:56:15.591] [INFO] Starting run 21 with seed 63
[2025-12-07 14:56:21.504] [INFO] Run 21 complete: accuracy=0.9393, time=5.91s, seed=63
[2025-12-07 14:56:21.504] [INFO] Starting run 22 with seed 64
[2025-12-07 14:56:27.403] [INFO] Run 22 complete: accuracy=0.9404, time=5.90s, seed=64
[2025-12-07 14:56:27.404] [INFO] Starting run 23 with seed 65
[2025-12-07 14:56:33.304] [INFO] Run 23 complete: accuracy=0.9402, time=5.90s, seed=65
[2025-12-07 14:56:33.305] [INFO] Starting run 24 with seed 66
[2025-12-07 14:56:39.200] [INFO] Run 24 complete: accuracy=0.9384, time=5.90s, seed=66
[2025-12-07 14:56:39.200] [INFO] Progress: 25/200 runs completed (25 successful)
[2025-12-07 14:56:39.200] [INFO] Starting run 25 with seed 67
[2025-12-07 14:56:44.991] [INFO] Run 25 complete: accuracy=0.9399, time=5.79s, seed=67
[2025-12-07 14:56:44.991] [INFO] Starting run 26 with seed 68
[2025-12-07 14:56:50.797] [INFO] Run 26 complete: accuracy=0.9400, time=5.80s, seed=68
[2025-12-07 14:56:50.797] [INFO] Starting run 27 with seed 69
[2025-12-07 14:56:56.596] [INFO] Run 27 complete: accuracy=0.9405, time=5.80s, seed=69
[2025-12-07 14:56:56.596] [INFO] Starting run 28 with seed 70
[2025-12-07 14:57:02.500] [INFO] Run 28 complete: accuracy=0.9389, time=5.90s, seed=70
[2025-12-07 14:57:02.500] [INFO] Starting run 29 with seed 71
[2025-12-07 14:57:08.296] [INFO] Run 29 complete: accuracy=0.9426, time=5.79s, seed=71
[2025-12-07 14:57:08.296] [INFO] Progress: 30/200 runs completed (30 successful)
[2025-12-07 14:57:08.296] [INFO] Starting run 30 with seed 72
[2025-12-07 14:57:13.999] [INFO] Run 30 complete: accuracy=0.9383, time=5.70s, seed=72
[2025-12-07 14:57:13.999] [INFO] Starting run 31 with seed 73
[2025-12-07 14:57:19.799] [INFO] Run 31 complete: accuracy=0.9395, time=5.80s, seed=73
[2025-12-07 14:57:19.799] [INFO] Starting run 32 with seed 74
[2025-12-07 14:57:25.804] [INFO] Run 32 complete: accuracy=0.9412, time=6.00s, seed=74
[2025-12-07 14:57:25.804] [INFO] Starting run 33 with seed 75
[2025-12-07 14:57:31.610] [INFO] Run 33 complete: accuracy=0.9394, time=5.81s, seed=75
[2025-12-07 14:57:31.610] [INFO] Starting run 34 with seed 76
[2025-12-07 14:57:37.513] [INFO] Run 34 complete: accuracy=0.9397, time=5.90s, seed=76
[2025-12-07 14:57:37.513] [INFO] Progress: 35/200 runs completed (35 successful)
[2025-12-07 14:57:37.513] [INFO] Starting run 35 with seed 77
[2025-12-07 14:57:43.300] [INFO] Run 35 complete: accuracy=0.9397, time=5.79s, seed=77
[2025-12-07 14:57:43.300] [INFO] Starting run 36 with seed 78
[2025-12-07 14:57:49.103] [INFO] Run 36 complete: accuracy=0.9401, time=5.80s, seed=78
[2025-12-07 14:57:49.103] [INFO] Starting run 37 with seed 79
[2025-12-07 14:57:54.804] [INFO] Run 37 complete: accuracy=0.9389, time=5.70s, seed=79
[2025-12-07 14:57:54.804] [INFO] Starting run 38 with seed 80
[2025-12-07 14:58:00.608] [INFO] Run 38 complete: accuracy=0.9370, time=5.80s, seed=80
[2025-12-07 14:58:00.608] [INFO] Starting run 39 with seed 81
[2025-12-07 14:58:06.316] [INFO] Run 39 complete: accuracy=0.9413, time=5.71s, seed=81
[2025-12-07 14:58:06.316] [INFO] Progress: 40/200 runs completed (40 successful)
[2025-12-07 14:58:06.316] [INFO] Starting run 40 with seed 82
[2025-12-07 14:58:12.007] [INFO] Run 40 complete: accuracy=0.9395, time=5.69s, seed=82
[2025-12-07 14:58:12.007] [INFO] Starting run 41 with seed 83
[2025-12-07 14:58:17.813] [INFO] Run 41 complete: accuracy=0.9412, time=5.81s, seed=83
[2025-12-07 14:58:17.813] [INFO] Starting run 42 with seed 84
[2025-12-07 14:58:23.406] [INFO] Run 42 complete: accuracy=0.9394, time=5.59s, seed=84
[2025-12-07 14:58:23.406] [INFO] Starting run 43 with seed 85
[2025-12-07 14:58:29.304] [INFO] Run 43 complete: accuracy=0.9419, time=5.90s, seed=85
[2025-12-07 14:58:29.304] [INFO] Starting run 44 with seed 86
[2025-12-07 14:58:35.208] [INFO] Run 44 complete: accuracy=0.9407, time=5.90s, seed=86
[2025-12-07 14:58:35.209] [INFO] Progress: 45/200 runs completed (45 successful)
[2025-12-07 14:58:35.209] [INFO] Starting run 45 with seed 87
[2025-12-07 14:58:41.112] [INFO] Run 45 complete: accuracy=0.9402, time=5.90s, seed=87
[2025-12-07 14:58:41.112] [INFO] Starting run 46 with seed 88
[2025-12-07 14:58:47.015] [INFO] Run 46 complete: accuracy=0.9385, time=5.90s, seed=88
[2025-12-07 14:58:47.015] [INFO] Starting run 47 with seed 89
[2025-12-07 14:58:52.908] [INFO] Run 47 complete: accuracy=0.9401, time=5.89s, seed=89
[2025-12-07 14:58:52.908] [INFO] Starting run 48 with seed 90
[2025-12-07 14:58:58.811] [INFO] Run 48 complete: accuracy=0.9411, time=5.90s, seed=90
[2025-12-07 14:58:58.811] [INFO] Starting run 49 with seed 91
[2025-12-07 14:59:04.709] [INFO] Run 49 complete: accuracy=0.9397, time=5.90s, seed=91
[2025-12-07 14:59:04.709] [INFO] Progress: 50/200 runs completed (50 successful)
[2025-12-07 14:59:04.709] [INFO] Starting run 50 with seed 92
[2025-12-07 14:59:10.615] [INFO] Run 50 complete: accuracy=0.9408, time=5.91s, seed=92
[2025-12-07 14:59:10.615] [INFO] Starting run 51 with seed 93
[2025-12-07 14:59:16.525] [INFO] Run 51 complete: accuracy=0.9401, time=5.91s, seed=93
[2025-12-07 14:59:16.525] [INFO] Starting run 52 with seed 94
[2025-12-07 14:59:22.409] [INFO] Run 52 complete: accuracy=0.9418, time=5.88s, seed=94
[2025-12-07 14:59:22.409] [INFO] Starting run 53 with seed 95
[2025-12-07 14:59:28.326] [INFO] Run 53 complete: accuracy=0.9403, time=5.92s, seed=95
[2025-12-07 14:59:28.326] [INFO] Starting run 54 with seed 96
[2025-12-07 14:59:34.219] [INFO] Run 54 complete: accuracy=0.9399, time=5.89s, seed=96
[2025-12-07 14:59:34.220] [INFO] Progress: 55/200 runs completed (55 successful)
[2025-12-07 14:59:34.220] [INFO] Starting run 55 with seed 97
[2025-12-07 14:59:40.108] [INFO] Run 55 complete: accuracy=0.9410, time=5.89s, seed=97
[2025-12-07 14:59:40.108] [INFO] Starting run 56 with seed 98
[2025-12-07 14:59:46.007] [INFO] Run 56 complete: accuracy=0.9380, time=5.90s, seed=98
[2025-12-07 14:59:46.007] [INFO] Starting run 57 with seed 99
[2025-12-07 14:59:51.809] [INFO] Run 57 complete: accuracy=0.9425, time=5.80s, seed=99
[2025-12-07 14:59:51.810] [INFO] Starting run 58 with seed 100
[2025-12-07 14:59:57.607] [INFO] Run 58 complete: accuracy=0.9394, time=5.80s, seed=100
[2025-12-07 14:59:57.607] [INFO] Starting run 59 with seed 101
[2025-12-07 15:00:03.410] [INFO] Run 59 complete: accuracy=0.9419, time=5.80s, seed=101
[2025-12-07 15:00:03.410] [INFO] Progress: 60/200 runs completed (60 successful)
[2025-12-07 15:00:03.410] [INFO] Starting run 60 with seed 102
[2025-12-07 15:00:09.206] [INFO] Run 60 complete: accuracy=0.9398, time=5.80s, seed=102
[2025-12-07 15:00:09.206] [INFO] Starting run 61 with seed 103
[2025-12-07 15:00:14.994] [INFO] Run 61 complete: accuracy=0.9420, time=5.79s, seed=103
[2025-12-07 15:00:14.994] [INFO] Starting run 62 with seed 104
[2025-12-07 15:00:20.804] [INFO] Run 62 complete: accuracy=0.9407, time=5.81s, seed=104
[2025-12-07 15:00:20.804] [INFO] Starting run 63 with seed 105
[2025-12-07 15:00:26.707] [INFO] Run 63 complete: accuracy=0.9407, time=5.90s, seed=105
[2025-12-07 15:00:26.707] [INFO] Starting run 64 with seed 106
[2025-12-07 15:00:32.609] [INFO] Run 64 complete: accuracy=0.9395, time=5.90s, seed=106
[2025-12-07 15:00:32.609] [INFO] Progress: 65/200 runs completed (65 successful)
[2025-12-07 15:00:32.610] [INFO] Starting run 65 with seed 107
[2025-12-07 15:00:38.507] [INFO] Run 65 complete: accuracy=0.9401, time=5.90s, seed=107
[2025-12-07 15:00:38.507] [INFO] Starting run 66 with seed 108
[2025-12-07 15:00:44.503] [INFO] Run 66 complete: accuracy=0.9394, time=6.00s, seed=108
[2025-12-07 15:00:44.503] [INFO] Starting run 67 with seed 109
[2025-12-07 15:00:50.412] [INFO] Run 67 complete: accuracy=0.9403, time=5.91s, seed=109
[2025-12-07 15:00:50.412] [INFO] Starting run 68 with seed 110
[2025-12-07 15:00:56.299] [INFO] Run 68 complete: accuracy=0.9394, time=5.89s, seed=110
[2025-12-07 15:00:56.299] [INFO] Starting run 69 with seed 111
[2025-12-07 15:01:02.197] [INFO] Run 69 complete: accuracy=0.9382, time=5.90s, seed=111
[2025-12-07 15:01:02.197] [INFO] Progress: 70/200 runs completed (70 successful)
[2025-12-07 15:01:02.197] [INFO] Starting run 70 with seed 112
[2025-12-07 15:01:08.204] [INFO] Run 70 complete: accuracy=0.9415, time=6.01s, seed=112
[2025-12-07 15:01:08.204] [INFO] Starting run 71 with seed 113
[2025-12-07 15:01:14.104] [INFO] Run 71 complete: accuracy=0.9398, time=5.90s, seed=113
[2025-12-07 15:01:14.104] [INFO] Starting run 72 with seed 114
[2025-12-07 15:01:19.999] [INFO] Run 72 complete: accuracy=0.9398, time=5.89s, seed=114
[2025-12-07 15:01:19.999] [INFO] Starting run 73 with seed 115
[2025-12-07 15:01:25.911] [INFO] Run 73 complete: accuracy=0.9397, time=5.91s, seed=115
[2025-12-07 15:01:25.911] [INFO] Starting run 74 with seed 116
[2025-12-07 15:01:31.881] [INFO] Run 74 complete: accuracy=0.9398, time=5.97s, seed=116
[2025-12-07 15:01:31.881] [INFO] Progress: 75/200 runs completed (75 successful)
[2025-12-07 15:01:31.881] [INFO] Starting run 75 with seed 117
[2025-12-07 15:01:37.704] [INFO] Run 75 complete: accuracy=0.9401, time=5.82s, seed=117
[2025-12-07 15:01:37.704] [INFO] Starting run 76 with seed 118
[2025-12-07 15:01:43.612] [INFO] Run 76 complete: accuracy=0.9403, time=5.91s, seed=118
[2025-12-07 15:01:43.612] [INFO] Starting run 77 with seed 119
[2025-12-07 15:01:49.503] [INFO] Run 77 complete: accuracy=0.9394, time=5.89s, seed=119
[2025-12-07 15:01:49.503] [INFO] Starting run 78 with seed 120
[2025-12-07 15:01:55.403] [INFO] Run 78 complete: accuracy=0.9407, time=5.90s, seed=120
[2025-12-07 15:01:55.403] [INFO] Starting run 79 with seed 121
[2025-12-07 15:02:01.211] [INFO] Run 79 complete: accuracy=0.9401, time=5.81s, seed=121
[2025-12-07 15:02:01.211] [INFO] Progress: 80/200 runs completed (80 successful)
[2025-12-07 15:02:01.211] [INFO] Starting run 80 with seed 122
[2025-12-07 15:02:07.196] [INFO] Run 80 complete: accuracy=0.9413, time=5.98s, seed=122
[2025-12-07 15:02:07.196] [INFO] Starting run 81 with seed 123
[2025-12-07 15:02:13.104] [INFO] Run 81 complete: accuracy=0.9413, time=5.91s, seed=123
[2025-12-07 15:02:13.104] [INFO] Starting run 82 with seed 124
[2025-12-07 15:02:19.010] [INFO] Run 82 complete: accuracy=0.9390, time=5.91s, seed=124
[2025-12-07 15:02:19.011] [INFO] Starting run 83 with seed 125
[2025-12-07 15:02:24.907] [INFO] Run 83 complete: accuracy=0.9413, time=5.90s, seed=125
[2025-12-07 15:02:24.907] [INFO] Starting run 84 with seed 126
[2025-12-07 15:02:30.803] [INFO] Run 84 complete: accuracy=0.9398, time=5.90s, seed=126
[2025-12-07 15:02:30.803] [INFO] Progress: 85/200 runs completed (85 successful)
[2025-12-07 15:02:30.803] [INFO] Starting run 85 with seed 127
[2025-12-07 15:02:36.696] [INFO] Run 85 complete: accuracy=0.9392, time=5.89s, seed=127
[2025-12-07 15:02:36.696] [INFO] Starting run 86 with seed 128
[2025-12-07 15:02:42.608] [INFO] Run 86 complete: accuracy=0.9410, time=5.91s, seed=128
[2025-12-07 15:02:42.608] [INFO] Starting run 87 with seed 129
[2025-12-07 15:02:48.498] [INFO] Run 87 complete: accuracy=0.9416, time=5.89s, seed=129
[2025-12-07 15:02:48.499] [INFO] Starting run 88 with seed 130
[2025-12-07 15:02:54.509] [INFO] Run 88 complete: accuracy=0.9426, time=6.01s, seed=130
[2025-12-07 15:02:54.509] [INFO] Starting run 89 with seed 131
[2025-12-07 15:03:00.400] [INFO] Run 89 complete: accuracy=0.9433, time=5.89s, seed=131
[2025-12-07 15:03:00.400] [INFO] Progress: 90/200 runs completed (90 successful)
[2025-12-07 15:03:00.401] [INFO] Starting run 90 with seed 132
[2025-12-07 15:03:06.406] [INFO] Run 90 complete: accuracy=0.9404, time=6.00s, seed=132
[2025-12-07 15:03:06.406] [INFO] Starting run 91 with seed 133
[2025-12-07 15:03:12.295] [INFO] Run 91 complete: accuracy=0.9408, time=5.89s, seed=133
[2025-12-07 15:03:12.295] [INFO] Starting run 92 with seed 134
[2025-12-07 15:03:18.199] [INFO] Run 92 complete: accuracy=0.9414, time=5.90s, seed=134
[2025-12-07 15:03:18.199] [INFO] Starting run 93 with seed 135
[2025-12-07 15:03:24.107] [INFO] Run 93 complete: accuracy=0.9399, time=5.91s, seed=135
[2025-12-07 15:03:24.107] [INFO] Starting run 94 with seed 136
[2025-12-07 15:03:30.001] [INFO] Run 94 complete: accuracy=0.9423, time=5.89s, seed=136
[2025-12-07 15:03:30.001] [INFO] Progress: 95/200 runs completed (95 successful)
[2025-12-07 15:03:30.001] [INFO] Starting run 95 with seed 137
[2025-12-07 15:03:35.899] [INFO] Run 95 complete: accuracy=0.9406, time=5.90s, seed=137
[2025-12-07 15:03:35.899] [INFO] Starting run 96 with seed 138
[2025-12-07 15:03:41.809] [INFO] Run 96 complete: accuracy=0.9426, time=5.91s, seed=138
[2025-12-07 15:03:41.809] [INFO] Starting run 97 with seed 139
[2025-12-07 15:03:47.699] [INFO] Run 97 complete: accuracy=0.9399, time=5.89s, seed=139
[2025-12-07 15:03:47.699] [INFO] Starting run 98 with seed 140
[2025-12-07 15:03:53.600] [INFO] Run 98 complete: accuracy=0.9397, time=5.90s, seed=140
[2025-12-07 15:03:53.600] [INFO] Starting run 99 with seed 141
[2025-12-07 15:03:59.500] [INFO] Run 99 complete: accuracy=0.9402, time=5.90s, seed=141
[2025-12-07 15:03:59.500] [INFO] Progress: 100/200 runs completed (100 successful)
[2025-12-07 15:03:59.500] [INFO] Starting run 100 with seed 142
[2025-12-07 15:04:05.406] [INFO] Run 100 complete: accuracy=0.9389, time=5.91s, seed=142
[2025-12-07 15:04:05.406] [INFO] Starting run 101 with seed 143
[2025-12-07 15:04:11.302] [INFO] Run 101 complete: accuracy=0.9394, time=5.90s, seed=143
[2025-12-07 15:04:11.302] [INFO] Starting run 102 with seed 144
[2025-12-07 15:04:17.200] [INFO] Run 102 complete: accuracy=0.9417, time=5.90s, seed=144
[2025-12-07 15:04:17.200] [INFO] Starting run 103 with seed 145
[2025-12-07 15:04:23.003] [INFO] Run 103 complete: accuracy=0.9412, time=5.80s, seed=145
[2025-12-07 15:04:23.003] [INFO] Starting run 104 with seed 146
[2025-12-07 15:04:28.998] [INFO] Run 104 complete: accuracy=0.9397, time=5.99s, seed=146
[2025-12-07 15:04:28.998] [INFO] Progress: 105/200 runs completed (105 successful)
[2025-12-07 15:04:28.998] [INFO] Starting run 105 with seed 147
[2025-12-07 15:04:34.917] [INFO] Run 105 complete: accuracy=0.9408, time=5.92s, seed=147
[2025-12-07 15:04:34.917] [INFO] Starting run 106 with seed 148
[2025-12-07 15:04:40.803] [INFO] Run 106 complete: accuracy=0.9419, time=5.89s, seed=148
[2025-12-07 15:04:40.803] [INFO] Starting run 107 with seed 149
[2025-12-07 15:04:46.694] [INFO] Run 107 complete: accuracy=0.9428, time=5.89s, seed=149
[2025-12-07 15:04:46.694] [INFO] Starting run 108 with seed 150
[2025-12-07 15:04:52.497] [INFO] Run 108 complete: accuracy=0.9382, time=5.80s, seed=150
[2025-12-07 15:04:52.497] [INFO] Starting run 109 with seed 151
[2025-12-07 15:04:58.295] [INFO] Run 109 complete: accuracy=0.9395, time=5.80s, seed=151
[2025-12-07 15:04:58.295] [INFO] Progress: 110/200 runs completed (110 successful)
[2025-12-07 15:04:58.295] [INFO] Starting run 110 with seed 152
[2025-12-07 15:05:04.106] [INFO] Run 110 complete: accuracy=0.9395, time=5.81s, seed=152
[2025-12-07 15:05:04.106] [INFO] Starting run 111 with seed 153
[2025-12-07 15:05:09.999] [INFO] Run 111 complete: accuracy=0.9402, time=5.89s, seed=153
[2025-12-07 15:05:09.999] [INFO] Starting run 112 with seed 154
[2025-12-07 15:05:15.905] [INFO] Run 112 complete: accuracy=0.9390, time=5.91s, seed=154
[2025-12-07 15:05:15.906] [INFO] Starting run 113 with seed 155
[2025-12-07 15:05:21.804] [INFO] Run 113 complete: accuracy=0.9403, time=5.90s, seed=155
[2025-12-07 15:05:21.804] [INFO] Starting run 114 with seed 156
[2025-12-07 15:05:27.693] [INFO] Run 114 complete: accuracy=0.9404, time=5.89s, seed=156
[2025-12-07 15:05:27.693] [INFO] Progress: 115/200 runs completed (115 successful)
[2025-12-07 15:05:27.693] [INFO] Starting run 115 with seed 157
[2025-12-07 15:05:33.509] [INFO] Run 115 complete: accuracy=0.9386, time=5.81s, seed=157
[2025-12-07 15:05:33.509] [INFO] Starting run 116 with seed 158
[2025-12-07 15:05:39.297] [INFO] Run 116 complete: accuracy=0.9403, time=5.79s, seed=158
[2025-12-07 15:05:39.297] [INFO] Starting run 117 with seed 159
[2025-12-07 15:05:45.108] [INFO] Run 117 complete: accuracy=0.9417, time=5.81s, seed=159
[2025-12-07 15:05:45.108] [INFO] Starting run 118 with seed 160
[2025-12-07 15:05:51.004] [INFO] Run 118 complete: accuracy=0.9401, time=5.90s, seed=160
[2025-12-07 15:05:51.004] [INFO] Starting run 119 with seed 161
[2025-12-07 15:05:56.805] [INFO] Run 119 complete: accuracy=0.9418, time=5.80s, seed=161
[2025-12-07 15:05:56.805] [INFO] Progress: 120/200 runs completed (120 successful)
[2025-12-07 15:05:56.805] [INFO] Starting run 120 with seed 162
[2025-12-07 15:06:02.696] [INFO] Run 120 complete: accuracy=0.9375, time=5.89s, seed=162
[2025-12-07 15:06:02.696] [INFO] Starting run 121 with seed 163
[2025-12-07 15:06:08.507] [INFO] Run 121 complete: accuracy=0.9417, time=5.81s, seed=163
[2025-12-07 15:06:08.507] [INFO] Starting run 122 with seed 164
[2025-12-07 15:06:14.402] [INFO] Run 122 complete: accuracy=0.9408, time=5.89s, seed=164
[2025-12-07 15:06:14.402] [INFO] Starting run 123 with seed 165
[2025-12-07 15:06:20.294] [INFO] Run 123 complete: accuracy=0.9405, time=5.89s, seed=165
[2025-12-07 15:06:20.294] [INFO] Starting run 124 with seed 166
[2025-12-07 15:06:26.093] [INFO] Run 124 complete: accuracy=0.9398, time=5.80s, seed=166
[2025-12-07 15:06:26.093] [INFO] Progress: 125/200 runs completed (125 successful)
[2025-12-07 15:06:26.093] [INFO] Starting run 125 with seed 167
[2025-12-07 15:06:31.903] [INFO] Run 125 complete: accuracy=0.9400, time=5.81s, seed=167
[2025-12-07 15:06:31.903] [INFO] Starting run 126 with seed 168
[2025-12-07 15:06:37.713] [INFO] Run 126 complete: accuracy=0.9398, time=5.81s, seed=168
[2025-12-07 15:06:37.713] [INFO] Starting run 127 with seed 169
[2025-12-07 15:06:43.495] [INFO] Run 127 complete: accuracy=0.9395, time=5.78s, seed=169
[2025-12-07 15:06:43.495] [INFO] Starting run 128 with seed 170
[2025-12-07 15:06:49.297] [INFO] Run 128 complete: accuracy=0.9403, time=5.80s, seed=170
[2025-12-07 15:06:49.297] [INFO] Starting run 129 with seed 171
[2025-12-07 15:06:55.097] [INFO] Run 129 complete: accuracy=0.9391, time=5.80s, seed=171
[2025-12-07 15:06:55.097] [INFO] Progress: 130/200 runs completed (130 successful)
[2025-12-07 15:06:55.097] [INFO] Starting run 130 with seed 172
[2025-12-07 15:07:00.899] [INFO] Run 130 complete: accuracy=0.9397, time=5.80s, seed=172
[2025-12-07 15:07:00.899] [INFO] Starting run 131 with seed 173
[2025-12-07 15:07:06.794] [INFO] Run 131 complete: accuracy=0.9397, time=5.89s, seed=173
[2025-12-07 15:07:06.794] [INFO] Starting run 132 with seed 174
[2025-12-07 15:07:12.602] [INFO] Run 132 complete: accuracy=0.9438, time=5.81s, seed=174
[2025-12-07 15:07:12.603] [INFO] Starting run 133 with seed 175
[2025-12-07 15:07:18.495] [INFO] Run 133 complete: accuracy=0.9395, time=5.89s, seed=175
[2025-12-07 15:07:18.495] [INFO] Starting run 134 with seed 176
[2025-12-07 15:07:24.398] [INFO] Run 134 complete: accuracy=0.9415, time=5.90s, seed=176
[2025-12-07 15:07:24.398] [INFO] Progress: 135/200 runs completed (135 successful)
[2025-12-07 15:07:24.398] [INFO] Starting run 135 with seed 177
[2025-12-07 15:07:30.402] [INFO] Run 135 complete: accuracy=0.9399, time=6.00s, seed=177
[2025-12-07 15:07:30.402] [INFO] Starting run 136 with seed 178
[2025-12-07 15:07:36.198] [INFO] Run 136 complete: accuracy=0.9408, time=5.80s, seed=178
[2025-12-07 15:07:36.198] [INFO] Starting run 137 with seed 179
[2025-12-07 15:07:42.108] [INFO] Run 137 complete: accuracy=0.9393, time=5.91s, seed=179
[2025-12-07 15:07:42.108] [INFO] Starting run 138 with seed 180
[2025-12-07 15:07:47.905] [INFO] Run 138 complete: accuracy=0.9380, time=5.80s, seed=180
[2025-12-07 15:07:47.905] [INFO] Starting run 139 with seed 181
[2025-12-07 15:07:53.796] [INFO] Run 139 complete: accuracy=0.9424, time=5.89s, seed=181
[2025-12-07 15:07:53.796] [INFO] Progress: 140/200 runs completed (140 successful)
[2025-12-07 15:07:53.796] [INFO] Starting run 140 with seed 182
[2025-12-07 15:07:59.602] [INFO] Run 140 complete: accuracy=0.9365, time=5.81s, seed=182
[2025-12-07 15:07:59.602] [INFO] Starting run 141 with seed 183
[2025-12-07 15:08:05.511] [INFO] Run 141 complete: accuracy=0.9391, time=5.91s, seed=183
[2025-12-07 15:08:05.511] [INFO] Starting run 142 with seed 184
[2025-12-07 15:08:11.215] [INFO] Run 142 complete: accuracy=0.9403, time=5.70s, seed=184
[2025-12-07 15:08:11.215] [INFO] Starting run 143 with seed 185
[2025-12-07 15:08:17.034] [INFO] Run 143 complete: accuracy=0.9417, time=5.82s, seed=185
[2025-12-07 15:08:17.034] [INFO] Starting run 144 with seed 186
[2025-12-07 15:08:22.804] [INFO] Run 144 complete: accuracy=0.9415, time=5.77s, seed=186
[2025-12-07 15:08:22.804] [INFO] Progress: 145/200 runs completed (145 successful)
[2025-12-07 15:08:22.804] [INFO] Starting run 145 with seed 187
[2025-12-07 15:08:28.610] [INFO] Run 145 complete: accuracy=0.9407, time=5.81s, seed=187
[2025-12-07 15:08:28.610] [INFO] Starting run 146 with seed 188
[2025-12-07 15:08:34.404] [INFO] Run 146 complete: accuracy=0.9400, time=5.79s, seed=188
[2025-12-07 15:08:34.404] [INFO] Starting run 147 with seed 189
[2025-12-07 15:08:40.304] [INFO] Run 147 complete: accuracy=0.9416, time=5.90s, seed=189
[2025-12-07 15:08:40.304] [INFO] Starting run 148 with seed 190
[2025-12-07 15:08:46.108] [INFO] Run 148 complete: accuracy=0.9387, time=5.80s, seed=190
[2025-12-07 15:08:46.108] [INFO] Starting run 149 with seed 191
[2025-12-07 15:08:52.011] [INFO] Run 149 complete: accuracy=0.9418, time=5.90s, seed=191
[2025-12-07 15:08:52.011] [INFO] Progress: 150/200 runs completed (150 successful)
[2025-12-07 15:08:52.011] [INFO] Starting run 150 with seed 192
[2025-12-07 15:08:57.804] [INFO] Run 150 complete: accuracy=0.9410, time=5.79s, seed=192
[2025-12-07 15:08:57.805] [INFO] Starting run 151 with seed 193
[2025-12-07 15:09:03.699] [INFO] Run 151 complete: accuracy=0.9387, time=5.89s, seed=193
[2025-12-07 15:09:03.699] [INFO] Starting run 152 with seed 194
[2025-12-07 15:09:09.710] [INFO] Run 152 complete: accuracy=0.9407, time=6.01s, seed=194
[2025-12-07 15:09:09.710] [INFO] Starting run 153 with seed 195
[2025-12-07 15:09:15.619] [INFO] Run 153 complete: accuracy=0.9423, time=5.91s, seed=195
[2025-12-07 15:09:15.620] [INFO] Starting run 154 with seed 196
[2025-12-07 15:09:21.512] [INFO] Run 154 complete: accuracy=0.9398, time=5.89s, seed=196
[2025-12-07 15:09:21.512] [INFO] Progress: 155/200 runs completed (155 successful)
[2025-12-07 15:09:21.512] [INFO] Starting run 155 with seed 197
[2025-12-07 15:09:27.503] [INFO] Run 155 complete: accuracy=0.9395, time=5.99s, seed=197
[2025-12-07 15:09:27.503] [INFO] Starting run 156 with seed 198
[2025-12-07 15:09:33.502] [INFO] Run 156 complete: accuracy=0.9399, time=6.00s, seed=198
[2025-12-07 15:09:33.502] [INFO] Starting run 157 with seed 199
[2025-12-07 15:09:39.313] [INFO] Run 157 complete: accuracy=0.9400, time=5.81s, seed=199
[2025-12-07 15:09:39.313] [INFO] Starting run 158 with seed 200
[2025-12-07 15:09:45.316] [INFO] Run 158 complete: accuracy=0.9391, time=6.00s, seed=200
[2025-12-07 15:09:45.317] [INFO] Starting run 159 with seed 201
[2025-12-07 15:09:51.214] [INFO] Run 159 complete: accuracy=0.9403, time=5.90s, seed=201
[2025-12-07 15:09:51.214] [INFO] Progress: 160/200 runs completed (160 successful)
[2025-12-07 15:09:51.214] [INFO] Starting run 160 with seed 202
[2025-12-07 15:09:57.130] [INFO] Run 160 complete: accuracy=0.9414, time=5.92s, seed=202
[2025-12-07 15:09:57.130] [INFO] Starting run 161 with seed 203
[2025-12-07 15:10:03.110] [INFO] Run 161 complete: accuracy=0.9408, time=5.98s, seed=203
[2025-12-07 15:10:03.110] [INFO] Starting run 162 with seed 204
[2025-12-07 15:10:08.903] [INFO] Run 162 complete: accuracy=0.9409, time=5.79s, seed=204
[2025-12-07 15:10:08.903] [INFO] Starting run 163 with seed 205
[2025-12-07 15:10:14.608] [INFO] Run 163 complete: accuracy=0.9403, time=5.70s, seed=205
[2025-12-07 15:10:14.608] [INFO] Starting run 164 with seed 206
[2025-12-07 15:10:20.312] [INFO] Run 164 complete: accuracy=0.9415, time=5.70s, seed=206
[2025-12-07 15:10:20.312] [INFO] Progress: 165/200 runs completed (165 successful)
[2025-12-07 15:10:20.312] [INFO] Starting run 165 with seed 207
[2025-12-07 15:10:26.116] [INFO] Run 165 complete: accuracy=0.9386, time=5.80s, seed=207
[2025-12-07 15:10:26.116] [INFO] Starting run 166 with seed 208
[2025-12-07 15:10:32.009] [INFO] Run 166 complete: accuracy=0.9404, time=5.89s, seed=208
[2025-12-07 15:10:32.009] [INFO] Starting run 167 with seed 209
[2025-12-07 15:10:37.705] [INFO] Run 167 complete: accuracy=0.9415, time=5.70s, seed=209
[2025-12-07 15:10:37.705] [INFO] Starting run 168 with seed 210
[2025-12-07 15:10:43.295] [INFO] Run 168 complete: accuracy=0.9388, time=5.59s, seed=210
[2025-12-07 15:10:43.295] [INFO] Starting run 169 with seed 211
[2025-12-07 15:10:49.098] [INFO] Run 169 complete: accuracy=0.9434, time=5.80s, seed=211
[2025-12-07 15:10:49.098] [INFO] Progress: 170/200 runs completed (170 successful)
[2025-12-07 15:10:49.098] [INFO] Starting run 170 with seed 212
[2025-12-07 15:10:55.006] [INFO] Run 170 complete: accuracy=0.9401, time=5.91s, seed=212
[2025-12-07 15:10:55.006] [INFO] Starting run 171 with seed 213
[2025-12-07 15:11:01.002] [INFO] Run 171 complete: accuracy=0.9398, time=5.99s, seed=213
[2025-12-07 15:11:01.002] [INFO] Starting run 172 with seed 214
[2025-12-07 15:11:06.910] [INFO] Run 172 complete: accuracy=0.9398, time=5.91s, seed=214
[2025-12-07 15:11:06.910] [INFO] Starting run 173 with seed 215
[2025-12-07 15:11:12.799] [INFO] Run 173 complete: accuracy=0.9418, time=5.89s, seed=215
[2025-12-07 15:11:12.799] [INFO] Starting run 174 with seed 216
[2025-12-07 15:11:18.698] [INFO] Run 174 complete: accuracy=0.9408, time=5.90s, seed=216
[2025-12-07 15:11:18.698] [INFO] Progress: 175/200 runs completed (175 successful)
[2025-12-07 15:11:18.698] [INFO] Starting run 175 with seed 217
[2025-12-07 15:11:24.491] [INFO] Run 175 complete: accuracy=0.9403, time=5.79s, seed=217
[2025-12-07 15:11:24.491] [INFO] Starting run 176 with seed 218
[2025-12-07 15:11:30.294] [INFO] Run 176 complete: accuracy=0.9438, time=5.80s, seed=218
[2025-12-07 15:11:30.294] [INFO] Starting run 177 with seed 219
[2025-12-07 15:11:35.995] [INFO] Run 177 complete: accuracy=0.9416, time=5.70s, seed=219
[2025-12-07 15:11:35.995] [INFO] Starting run 178 with seed 220
[2025-12-07 15:11:41.895] [INFO] Run 178 complete: accuracy=0.9394, time=5.90s, seed=220
[2025-12-07 15:11:41.896] [INFO] Starting run 179 with seed 221
[2025-12-07 15:11:47.717] [INFO] Run 179 complete: accuracy=0.9409, time=5.82s, seed=221
[2025-12-07 15:11:47.717] [INFO] Progress: 180/200 runs completed (180 successful)
[2025-12-07 15:11:47.717] [INFO] Starting run 180 with seed 222
[2025-12-07 15:11:53.501] [INFO] Run 180 complete: accuracy=0.9420, time=5.78s, seed=222
[2025-12-07 15:11:53.501] [INFO] Starting run 181 with seed 223
[2025-12-07 15:11:59.399] [INFO] Run 181 complete: accuracy=0.9418, time=5.90s, seed=223
[2025-12-07 15:11:59.400] [INFO] Starting run 182 with seed 224
[2025-12-07 15:12:05.195] [INFO] Run 182 complete: accuracy=0.9399, time=5.79s, seed=224
[2025-12-07 15:12:05.195] [INFO] Starting run 183 with seed 225
[2025-12-07 15:12:11.006] [INFO] Run 183 complete: accuracy=0.9407, time=5.81s, seed=225
[2025-12-07 15:12:11.006] [INFO] Starting run 184 with seed 226
[2025-12-07 15:12:16.911] [INFO] Run 184 complete: accuracy=0.9396, time=5.90s, seed=226
[2025-12-07 15:12:16.911] [INFO] Progress: 185/200 runs completed (185 successful)
[2025-12-07 15:12:16.911] [INFO] Starting run 185 with seed 227
[2025-12-07 15:12:22.799] [INFO] Run 185 complete: accuracy=0.9396, time=5.89s, seed=227
[2025-12-07 15:12:22.799] [INFO] Starting run 186 with seed 228
[2025-12-07 15:12:28.604] [INFO] Run 186 complete: accuracy=0.9397, time=5.80s, seed=228
[2025-12-07 15:12:28.604] [INFO] Starting run 187 with seed 229
[2025-12-07 15:12:34.493] [INFO] Run 187 complete: accuracy=0.9409, time=5.89s, seed=229
[2025-12-07 15:12:34.493] [INFO] Starting run 188 with seed 230
[2025-12-07 15:12:40.295] [INFO] Run 188 complete: accuracy=0.9413, time=5.80s, seed=230
[2025-12-07 15:12:40.295] [INFO] Starting run 189 with seed 231
[2025-12-07 15:12:46.099] [INFO] Run 189 complete: accuracy=0.9401, time=5.80s, seed=231
[2025-12-07 15:12:46.099] [INFO] Progress: 190/200 runs completed (190 successful)
[2025-12-07 15:12:46.099] [INFO] Starting run 190 with seed 232
[2025-12-07 15:12:51.995] [INFO] Run 190 complete: accuracy=0.9402, time=5.89s, seed=232
[2025-12-07 15:12:51.995] [INFO] Starting run 191 with seed 233
[2025-12-07 15:12:57.797] [INFO] Run 191 complete: accuracy=0.9405, time=5.80s, seed=233
[2025-12-07 15:12:57.797] [INFO] Starting run 192 with seed 234
[2025-12-07 15:13:03.598] [INFO] Run 192 complete: accuracy=0.9392, time=5.80s, seed=234
[2025-12-07 15:13:03.598] [INFO] Starting run 193 with seed 235
[2025-12-07 15:13:09.498] [INFO] Run 193 complete: accuracy=0.9401, time=5.90s, seed=235
[2025-12-07 15:13:09.498] [INFO] Starting run 194 with seed 236
[2025-12-07 15:13:15.307] [INFO] Run 194 complete: accuracy=0.9403, time=5.81s, seed=236
[2025-12-07 15:13:15.307] [INFO] Progress: 195/200 runs completed (195 successful)
[2025-12-07 15:13:15.307] [INFO] Starting run 195 with seed 237
[2025-12-07 15:13:21.205] [INFO] Run 195 complete: accuracy=0.9409, time=5.90s, seed=237
[2025-12-07 15:13:21.205] [INFO] Starting run 196 with seed 238
[2025-12-07 15:13:27.097] [INFO] Run 196 complete: accuracy=0.9396, time=5.89s, seed=238
[2025-12-07 15:13:27.097] [INFO] Starting run 197 with seed 239
[2025-12-07 15:13:33.000] [INFO] Run 197 complete: accuracy=0.9381, time=5.90s, seed=239
[2025-12-07 15:13:33.000] [INFO] Starting run 198 with seed 240
[2025-12-07 15:13:38.909] [INFO] Run 198 complete: accuracy=0.9393, time=5.91s, seed=240
[2025-12-07 15:13:38.909] [INFO] Starting run 199 with seed 241
[2025-12-07 15:13:44.799] [INFO] Run 199 complete: accuracy=0.9399, time=5.89s, seed=241
[2025-12-07 15:13:44.799] [INFO] Progress: 200/200 runs completed (200 successful)
[2025-12-07 15:13:44.799] [INFO] ================================================================================
[2025-12-07 15:13:44.799] [INFO] All runs completed: 200/200 successful
[2025-12-07 15:13:44.799] [INFO] ================================================================================
[2025-12-07 15:13:44.799] [INFO] Computing statistics...
[2025-12-07 15:13:45.256] [INFO] Accuracy: 0.9403 ± 0.0012 (std)
[2025-12-07 15:13:45.256] [INFO] Accuracy 95% CI: [0.9402, 0.9405]
[2025-12-07 15:13:45.256] [INFO] Accuracy range: [0.9365, 0.9438]
[2025-12-07 15:13:45.256] [INFO] Median accuracy: 0.9402
[2025-12-07 15:13:45.256] [INFO] Mean time per run: 5.86s ± 0.08s
[2025-12-07 15:13:45.256] [INFO] Total training time: 1171.05s (0.33 hours)
[2025-12-07 15:13:45.256] [INFO] Target accuracy: 0.9400
[2025-12-07 15:13:45.256] [INFO] ✓ Target accuracy ACHIEVED: 0.9403 >= 0.9400
[2025-12-07 15:13:45.256] [INFO] ================================================================================
[2025-12-07 15:13:45.256] [INFO] FINALIZING EXPERIMENT
[2025-12-07 15:13:45.257] [INFO] ================================================================================
[2025-12-07 15:13:45.258] [INFO] Experiment completed with 200 runs
[2025-12-07 15:13:45.258] [INFO] Mean accuracy: 0.9403 ± 0.0012
[2025-12-07 15:13:45.258] [INFO] 95% CI: [0.9402, 0.9405]
[2025-12-07 15:13:45.259] [INFO] Summary saved to summary.json
[2025-12-07 15:13:45.259] [INFO] End Time: 2025-12-07 15:13:45.259256
[2025-12-07 15:13:45.259] [INFO] ================================================================================
