
================================================================================
EXPERIMENT LOG
================================================================================
Experiment Name: cifar10_baseline
Start Time: 2025-12-06T22:31:34.098405

GIT INFORMATION:
  Commit:  753074661ebdcef1a74e3e7b7472afdb9911c09c
  Branch:  main
  Remote:  https://github.com/alainwelliver/deep-learning-speedrun-project.git
  Dirty:   True
  
GPU INFORMATION:
  CUDA Available: True
  Device Count:   1
  CUDA Version:   12.8
  PyTorch:        2.8.0+cu128
  Device 0: NVIDIA A100 80GB PCIe (85.1 GB)

================================================================================

[2025-12-06 22:31:34.098] [INFO] Starting experiment: cifar10_baseline
[2025-12-06 22:31:34.098] [INFO] Configuration file: configs/baseline.json
[2025-12-06 22:31:34.099] [INFO] Module: airbench94
[2025-12-06 22:31:34.099] [INFO] Number of runs: 100
[2025-12-06 22:31:34.099] [INFO] Base seed: 42
[2025-12-06 22:31:34.099] [INFO] Hypothesis: Baseline performance measurement using original airbench94 configuration
[2025-12-06 22:31:34.099] [INFO] Modification: None - using original airbench94.py without modifications
[2025-12-06 22:31:34.099] [INFO] Hyperparameters saved to hyperparameters.json
[2025-12-06 22:31:34.099] [INFO] Hyperparameters: {
  "experiment_name": "cifar10_baseline",
  "hypothesis": "Baseline performance measurement using original airbench94 configuration",
  "modification": "None - using original airbench94.py without modifications",
  "description": "This is the baseline experiment to establish performance benchmarks. We use the default airbench94 hyperparameters to train a VGG-style model on CIFAR-10. Results from this experiment will serve as the reference point for evaluating modifications.",
  "base_seed": 42,
  "hyperparameters": {
    "note": "These are the default airbench94 hyperparameters. They can be overridden by setting them at the top level of this config.",
    "batch_size": 1024,
    "learning_rate": 11.5,
    "epochs": 9.9,
    "momentum": 0.85,
    "weight_decay": 0.0153,
    "bias_scaler": 64.0,
    "label_smoothing": 0.2,
    "whiten_bias_epochs": 3,
    "augmentation": {
      "flip": true,
      "translate": 2
    },
    "network": {
      "widths": {
        "block1": 64,
        "block2": 256,
        "block3": 256
      },
      "batchnorm_momentum": 0.6,
      "scaling_factor": 0.1111111,
      "tta_level": 2
    }
  },
  "target_accuracy": 0.94,
  "expected_results": {
    "note": "Based on airbench94 paper, we expect ~94% accuracy in ~3.8 seconds on A100",
    "mean_accuracy": 0.9401,
    "std_accuracy": 0.0014,
    "mean_time_seconds": 3.83
  },
  "compute_requirements": {
    "gpu": "NVIDIA A100",
    "gpu_memory_gb": 40,
    "estimated_time_per_run_seconds": 4,
    "estimated_total_time_minutes": 1.5
  },
  "notes": [
    "This baseline uses all the optimizations from the airbench94 paper:",
    "- Frozen patch-whitening initialization",
    "- Identity initialization for conv layers",
    "- Scaled bias learning rates",
    "- Lookahead optimizer",
    "- Multi-crop test-time augmentation",
    "- Alternating flip augmentation",
    "Run this first to establish your baseline before testing modifications."
  ]
}
[2025-12-06 22:31:34.099] [INFO] Loading and configuring airbench94...
[2025-12-06 22:31:35.365] [INFO] Effective augmentation config: {'flip': True, 'translate': 2}
[2025-12-06 22:31:35.365] [INFO] Running warmup...
[2025-12-06 22:31:51.412] [INFO] Warmup complete
[2025-12-06 22:31:51.412] [INFO] ================================================================================
[2025-12-06 22:31:51.412] [INFO] Starting 100 training runs...
[2025-12-06 22:31:51.412] [INFO] ================================================================================
[2025-12-06 22:31:51.412] [INFO] Starting run 0 with seed 42
[2025-12-06 22:31:56.826] [INFO] Run 0 complete: accuracy=0.9393, time=5.41s, seed=42
[2025-12-06 22:31:56.826] [INFO] Starting run 1 with seed 43
[2025-12-06 22:32:02.239] [INFO] Run 1 complete: accuracy=0.9402, time=5.41s, seed=43
[2025-12-06 22:32:02.239] [INFO] Starting run 2 with seed 44
[2025-12-06 22:32:07.447] [INFO] Run 2 complete: accuracy=0.9411, time=5.21s, seed=44
[2025-12-06 22:32:07.447] [INFO] Starting run 3 with seed 45
[2025-12-06 22:32:12.767] [INFO] Run 3 complete: accuracy=0.9409, time=5.32s, seed=45
[2025-12-06 22:32:12.767] [INFO] Starting run 4 with seed 46
[2025-12-06 22:32:18.149] [INFO] Run 4 complete: accuracy=0.9411, time=5.38s, seed=46
[2025-12-06 22:32:18.149] [INFO] Progress: 5/100 runs completed (5 successful)
[2025-12-06 22:32:18.149] [INFO] Starting run 5 with seed 47
[2025-12-06 22:32:23.348] [INFO] Run 5 complete: accuracy=0.9390, time=5.20s, seed=47
[2025-12-06 22:32:23.348] [INFO] Starting run 6 with seed 48
[2025-12-06 22:32:28.761] [INFO] Run 6 complete: accuracy=0.9392, time=5.41s, seed=48
[2025-12-06 22:32:28.761] [INFO] Starting run 7 with seed 49
[2025-12-06 22:32:34.068] [INFO] Run 7 complete: accuracy=0.9388, time=5.31s, seed=49
[2025-12-06 22:32:34.068] [INFO] Starting run 8 with seed 50
[2025-12-06 22:32:39.460] [INFO] Run 8 complete: accuracy=0.9418, time=5.39s, seed=50
[2025-12-06 22:32:39.460] [INFO] Starting run 9 with seed 51
[2025-12-06 22:32:44.970] [INFO] Run 9 complete: accuracy=0.9390, time=5.51s, seed=51
[2025-12-06 22:32:44.970] [INFO] Progress: 10/100 runs completed (10 successful)
[2025-12-06 22:32:44.970] [INFO] Starting run 10 with seed 52
[2025-12-06 22:32:50.287] [INFO] Run 10 complete: accuracy=0.9410, time=5.32s, seed=52
[2025-12-06 22:32:50.287] [INFO] Starting run 11 with seed 53
[2025-12-06 22:32:55.686] [INFO] Run 11 complete: accuracy=0.9401, time=5.40s, seed=53
[2025-12-06 22:32:55.686] [INFO] Starting run 12 with seed 54
[2025-12-06 22:33:01.175] [INFO] Run 12 complete: accuracy=0.9407, time=5.49s, seed=54
[2025-12-06 22:33:01.175] [INFO] Starting run 13 with seed 55
[2025-12-06 22:33:06.499] [INFO] Run 13 complete: accuracy=0.9422, time=5.32s, seed=55
[2025-12-06 22:33:06.499] [INFO] Starting run 14 with seed 56
[2025-12-06 22:33:11.982] [INFO] Run 14 complete: accuracy=0.9416, time=5.48s, seed=56
[2025-12-06 22:33:11.982] [INFO] Progress: 15/100 runs completed (15 successful)
[2025-12-06 22:33:11.982] [INFO] Starting run 15 with seed 57
[2025-12-06 22:33:17.390] [INFO] Run 15 complete: accuracy=0.9396, time=5.41s, seed=57
[2025-12-06 22:33:17.390] [INFO] Starting run 16 with seed 58
[2025-12-06 22:33:22.681] [INFO] Run 16 complete: accuracy=0.9393, time=5.29s, seed=58
[2025-12-06 22:33:22.682] [INFO] Starting run 17 with seed 59
[2025-12-06 22:33:28.004] [INFO] Run 17 complete: accuracy=0.9417, time=5.32s, seed=59
[2025-12-06 22:33:28.004] [INFO] Starting run 18 with seed 60
[2025-12-06 22:33:33.482] [INFO] Run 18 complete: accuracy=0.9389, time=5.48s, seed=60
[2025-12-06 22:33:33.482] [INFO] Starting run 19 with seed 61
[2025-12-06 22:33:38.682] [INFO] Run 19 complete: accuracy=0.9411, time=5.20s, seed=61
[2025-12-06 22:33:38.682] [INFO] Progress: 20/100 runs completed (20 successful)
[2025-12-06 22:33:38.682] [INFO] Starting run 20 with seed 62
[2025-12-06 22:33:44.181] [INFO] Run 20 complete: accuracy=0.9420, time=5.50s, seed=62
[2025-12-06 22:33:44.181] [INFO] Starting run 21 with seed 63
[2025-12-06 22:33:49.680] [INFO] Run 21 complete: accuracy=0.9393, time=5.50s, seed=63
[2025-12-06 22:33:49.680] [INFO] Starting run 22 with seed 64
[2025-12-06 22:33:54.987] [INFO] Run 22 complete: accuracy=0.9404, time=5.31s, seed=64
[2025-12-06 22:33:54.987] [INFO] Starting run 23 with seed 65
[2025-12-06 22:34:00.502] [INFO] Run 23 complete: accuracy=0.9402, time=5.51s, seed=65
[2025-12-06 22:34:00.502] [INFO] Starting run 24 with seed 66
[2025-12-06 22:34:05.873] [INFO] Run 24 complete: accuracy=0.9384, time=5.37s, seed=66
[2025-12-06 22:34:05.873] [INFO] Progress: 25/100 runs completed (25 successful)
[2025-12-06 22:34:05.873] [INFO] Starting run 25 with seed 67
[2025-12-06 22:34:11.288] [INFO] Run 25 complete: accuracy=0.9399, time=5.41s, seed=67
[2025-12-06 22:34:11.288] [INFO] Starting run 26 with seed 68
[2025-12-06 22:34:16.678] [INFO] Run 26 complete: accuracy=0.9400, time=5.39s, seed=68
[2025-12-06 22:34:16.678] [INFO] Starting run 27 with seed 69
[2025-12-06 22:34:22.082] [INFO] Run 27 complete: accuracy=0.9405, time=5.40s, seed=69
[2025-12-06 22:34:22.082] [INFO] Starting run 28 with seed 70
[2025-12-06 22:34:27.388] [INFO] Run 28 complete: accuracy=0.9389, time=5.31s, seed=70
[2025-12-06 22:34:27.388] [INFO] Starting run 29 with seed 71
[2025-12-06 22:34:32.691] [INFO] Run 29 complete: accuracy=0.9426, time=5.30s, seed=71
[2025-12-06 22:34:32.691] [INFO] Progress: 30/100 runs completed (30 successful)
[2025-12-06 22:34:32.691] [INFO] Starting run 30 with seed 72
[2025-12-06 22:34:37.993] [INFO] Run 30 complete: accuracy=0.9383, time=5.30s, seed=72
[2025-12-06 22:34:37.994] [INFO] Starting run 31 with seed 73
[2025-12-06 22:34:43.293] [INFO] Run 31 complete: accuracy=0.9395, time=5.30s, seed=73
[2025-12-06 22:34:43.293] [INFO] Starting run 32 with seed 74
[2025-12-06 22:34:48.494] [INFO] Run 32 complete: accuracy=0.9412, time=5.20s, seed=74
[2025-12-06 22:34:48.495] [INFO] Starting run 33 with seed 75
[2025-12-06 22:34:53.794] [INFO] Run 33 complete: accuracy=0.9394, time=5.30s, seed=75
[2025-12-06 22:34:53.794] [INFO] Starting run 34 with seed 76
[2025-12-06 22:34:59.096] [INFO] Run 34 complete: accuracy=0.9397, time=5.30s, seed=76
[2025-12-06 22:34:59.096] [INFO] Progress: 35/100 runs completed (35 successful)
[2025-12-06 22:34:59.096] [INFO] Starting run 35 with seed 77
[2025-12-06 22:35:04.383] [INFO] Run 35 complete: accuracy=0.9397, time=5.29s, seed=77
[2025-12-06 22:35:04.384] [INFO] Starting run 36 with seed 78
[2025-12-06 22:35:09.694] [INFO] Run 36 complete: accuracy=0.9401, time=5.31s, seed=78
[2025-12-06 22:35:09.695] [INFO] Starting run 37 with seed 79
[2025-12-06 22:35:15.191] [INFO] Run 37 complete: accuracy=0.9389, time=5.50s, seed=79
[2025-12-06 22:35:15.191] [INFO] Starting run 38 with seed 80
[2025-12-06 22:35:20.482] [INFO] Run 38 complete: accuracy=0.9370, time=5.29s, seed=80
[2025-12-06 22:35:20.483] [INFO] Starting run 39 with seed 81
[2025-12-06 22:35:25.906] [INFO] Run 39 complete: accuracy=0.9413, time=5.42s, seed=81
[2025-12-06 22:35:25.906] [INFO] Progress: 40/100 runs completed (40 successful)
[2025-12-06 22:35:25.906] [INFO] Starting run 40 with seed 82
[2025-12-06 22:35:31.294] [INFO] Run 40 complete: accuracy=0.9395, time=5.39s, seed=82
[2025-12-06 22:35:31.294] [INFO] Starting run 41 with seed 83
[2025-12-06 22:35:36.690] [INFO] Run 41 complete: accuracy=0.9412, time=5.39s, seed=83
[2025-12-06 22:35:36.690] [INFO] Starting run 42 with seed 84
[2025-12-06 22:35:41.992] [INFO] Run 42 complete: accuracy=0.9394, time=5.30s, seed=84
[2025-12-06 22:35:41.992] [INFO] Starting run 43 with seed 85
[2025-12-06 22:35:47.397] [INFO] Run 43 complete: accuracy=0.9419, time=5.40s, seed=85
[2025-12-06 22:35:47.397] [INFO] Starting run 44 with seed 86
[2025-12-06 22:35:52.594] [INFO] Run 44 complete: accuracy=0.9407, time=5.20s, seed=86
[2025-12-06 22:35:52.594] [INFO] Progress: 45/100 runs completed (45 successful)
[2025-12-06 22:35:52.594] [INFO] Starting run 45 with seed 87
[2025-12-06 22:35:58.002] [INFO] Run 45 complete: accuracy=0.9402, time=5.41s, seed=87
[2025-12-06 22:35:58.002] [INFO] Starting run 46 with seed 88
[2025-12-06 22:36:03.393] [INFO] Run 46 complete: accuracy=0.9385, time=5.39s, seed=88
[2025-12-06 22:36:03.394] [INFO] Starting run 47 with seed 89
[2025-12-06 22:36:08.792] [INFO] Run 47 complete: accuracy=0.9401, time=5.40s, seed=89
[2025-12-06 22:36:08.792] [INFO] Starting run 48 with seed 90
[2025-12-06 22:36:14.390] [INFO] Run 48 complete: accuracy=0.9411, time=5.60s, seed=90
[2025-12-06 22:36:14.390] [INFO] Starting run 49 with seed 91
[2025-12-06 22:36:19.789] [INFO] Run 49 complete: accuracy=0.9397, time=5.40s, seed=91
[2025-12-06 22:36:19.789] [INFO] Progress: 50/100 runs completed (50 successful)
[2025-12-06 22:36:19.789] [INFO] Starting run 50 with seed 92
[2025-12-06 22:36:25.172] [INFO] Run 50 complete: accuracy=0.9408, time=5.38s, seed=92
[2025-12-06 22:36:25.172] [INFO] Starting run 51 with seed 93
[2025-12-06 22:36:30.497] [INFO] Run 51 complete: accuracy=0.9401, time=5.32s, seed=93
[2025-12-06 22:36:30.497] [INFO] Starting run 52 with seed 94
[2025-12-06 22:36:35.991] [INFO] Run 52 complete: accuracy=0.9418, time=5.49s, seed=94
[2025-12-06 22:36:35.991] [INFO] Starting run 53 with seed 95
[2025-12-06 22:36:41.385] [INFO] Run 53 complete: accuracy=0.9403, time=5.39s, seed=95
[2025-12-06 22:36:41.385] [INFO] Starting run 54 with seed 96
[2025-12-06 22:36:46.695] [INFO] Run 54 complete: accuracy=0.9399, time=5.31s, seed=96
[2025-12-06 22:36:46.695] [INFO] Progress: 55/100 runs completed (55 successful)
[2025-12-06 22:36:46.695] [INFO] Starting run 55 with seed 97
[2025-12-06 22:36:52.097] [INFO] Run 55 complete: accuracy=0.9410, time=5.40s, seed=97
[2025-12-06 22:36:52.097] [INFO] Starting run 56 with seed 98
[2025-12-06 22:36:57.393] [INFO] Run 56 complete: accuracy=0.9380, time=5.30s, seed=98
[2025-12-06 22:36:57.393] [INFO] Starting run 57 with seed 99
[2025-12-06 22:37:02.981] [INFO] Run 57 complete: accuracy=0.9425, time=5.59s, seed=99
[2025-12-06 22:37:02.981] [INFO] Starting run 58 with seed 100
[2025-12-06 22:37:08.282] [INFO] Run 58 complete: accuracy=0.9394, time=5.30s, seed=100
[2025-12-06 22:37:08.282] [INFO] Starting run 59 with seed 101
[2025-12-06 22:37:13.590] [INFO] Run 59 complete: accuracy=0.9419, time=5.31s, seed=101
[2025-12-06 22:37:13.590] [INFO] Progress: 60/100 runs completed (60 successful)
[2025-12-06 22:37:13.590] [INFO] Starting run 60 with seed 102
[2025-12-06 22:37:18.892] [INFO] Run 60 complete: accuracy=0.9398, time=5.30s, seed=102
[2025-12-06 22:37:18.892] [INFO] Starting run 61 with seed 103
[2025-12-06 22:37:24.294] [INFO] Run 61 complete: accuracy=0.9420, time=5.40s, seed=103
[2025-12-06 22:37:24.294] [INFO] Starting run 62 with seed 104
[2025-12-06 22:37:29.688] [INFO] Run 62 complete: accuracy=0.9407, time=5.39s, seed=104
[2025-12-06 22:37:29.689] [INFO] Starting run 63 with seed 105
[2025-12-06 22:37:35.182] [INFO] Run 63 complete: accuracy=0.9407, time=5.49s, seed=105
[2025-12-06 22:37:35.182] [INFO] Starting run 64 with seed 106
[2025-12-06 22:37:40.598] [INFO] Run 64 complete: accuracy=0.9395, time=5.42s, seed=106
[2025-12-06 22:37:40.598] [INFO] Progress: 65/100 runs completed (65 successful)
[2025-12-06 22:37:40.598] [INFO] Starting run 65 with seed 107
[2025-12-06 22:37:45.998] [INFO] Run 65 complete: accuracy=0.9401, time=5.40s, seed=107
[2025-12-06 22:37:45.998] [INFO] Starting run 66 with seed 108
[2025-12-06 22:37:51.309] [INFO] Run 66 complete: accuracy=0.9394, time=5.31s, seed=108
[2025-12-06 22:37:51.309] [INFO] Starting run 67 with seed 109
[2025-12-06 22:37:56.791] [INFO] Run 67 complete: accuracy=0.9403, time=5.48s, seed=109
[2025-12-06 22:37:56.791] [INFO] Starting run 68 with seed 110
[2025-12-06 22:38:02.175] [INFO] Run 68 complete: accuracy=0.9394, time=5.38s, seed=110
[2025-12-06 22:38:02.175] [INFO] Starting run 69 with seed 111
[2025-12-06 22:38:07.488] [INFO] Run 69 complete: accuracy=0.9382, time=5.31s, seed=111
[2025-12-06 22:38:07.488] [INFO] Progress: 70/100 runs completed (70 successful)
[2025-12-06 22:38:07.488] [INFO] Starting run 70 with seed 112
[2025-12-06 22:38:12.688] [INFO] Run 70 complete: accuracy=0.9415, time=5.20s, seed=112
[2025-12-06 22:38:12.688] [INFO] Starting run 71 with seed 113
[2025-12-06 22:38:17.895] [INFO] Run 71 complete: accuracy=0.9398, time=5.21s, seed=113
[2025-12-06 22:38:17.895] [INFO] Starting run 72 with seed 114
[2025-12-06 22:38:23.094] [INFO] Run 72 complete: accuracy=0.9398, time=5.20s, seed=114
[2025-12-06 22:38:23.094] [INFO] Starting run 73 with seed 115
[2025-12-06 22:38:28.498] [INFO] Run 73 complete: accuracy=0.9397, time=5.40s, seed=115
[2025-12-06 22:38:28.498] [INFO] Starting run 74 with seed 116
[2025-12-06 22:38:33.801] [INFO] Run 74 complete: accuracy=0.9398, time=5.30s, seed=116
[2025-12-06 22:38:33.801] [INFO] Progress: 75/100 runs completed (75 successful)
[2025-12-06 22:38:33.801] [INFO] Starting run 75 with seed 117
[2025-12-06 22:38:39.089] [INFO] Run 75 complete: accuracy=0.9401, time=5.29s, seed=117
[2025-12-06 22:38:39.089] [INFO] Starting run 76 with seed 118
[2025-12-06 22:38:44.404] [INFO] Run 76 complete: accuracy=0.9403, time=5.31s, seed=118
[2025-12-06 22:38:44.404] [INFO] Starting run 77 with seed 119
[2025-12-06 22:38:49.785] [INFO] Run 77 complete: accuracy=0.9394, time=5.38s, seed=119
[2025-12-06 22:38:49.785] [INFO] Starting run 78 with seed 120
[2025-12-06 22:38:55.075] [INFO] Run 78 complete: accuracy=0.9407, time=5.29s, seed=120
[2025-12-06 22:38:55.075] [INFO] Starting run 79 with seed 121
[2025-12-06 22:39:00.395] [INFO] Run 79 complete: accuracy=0.9401, time=5.32s, seed=121
[2025-12-06 22:39:00.395] [INFO] Progress: 80/100 runs completed (80 successful)
[2025-12-06 22:39:00.395] [INFO] Starting run 80 with seed 122
[2025-12-06 22:39:05.785] [INFO] Run 80 complete: accuracy=0.9413, time=5.39s, seed=122
[2025-12-06 22:39:05.785] [INFO] Starting run 81 with seed 123
[2025-12-06 22:39:11.086] [INFO] Run 81 complete: accuracy=0.9413, time=5.30s, seed=123
[2025-12-06 22:39:11.086] [INFO] Starting run 82 with seed 124
[2025-12-06 22:39:16.393] [INFO] Run 82 complete: accuracy=0.9390, time=5.31s, seed=124
[2025-12-06 22:39:16.393] [INFO] Starting run 83 with seed 125
[2025-12-06 22:39:21.592] [INFO] Run 83 complete: accuracy=0.9413, time=5.20s, seed=125
[2025-12-06 22:39:21.592] [INFO] Starting run 84 with seed 126
[2025-12-06 22:39:26.878] [INFO] Run 84 complete: accuracy=0.9398, time=5.29s, seed=126
[2025-12-06 22:39:26.879] [INFO] Progress: 85/100 runs completed (85 successful)
[2025-12-06 22:39:26.879] [INFO] Starting run 85 with seed 127
[2025-12-06 22:39:32.069] [INFO] Run 85 complete: accuracy=0.9392, time=5.19s, seed=127
[2025-12-06 22:39:32.069] [INFO] Starting run 86 with seed 128
[2025-12-06 22:39:37.292] [INFO] Run 86 complete: accuracy=0.9410, time=5.22s, seed=128
[2025-12-06 22:39:37.292] [INFO] Starting run 87 with seed 129
[2025-12-06 22:39:42.696] [INFO] Run 87 complete: accuracy=0.9416, time=5.40s, seed=129
[2025-12-06 22:39:42.696] [INFO] Starting run 88 with seed 130
[2025-12-06 22:39:47.899] [INFO] Run 88 complete: accuracy=0.9426, time=5.20s, seed=130
[2025-12-06 22:39:47.899] [INFO] Starting run 89 with seed 131
[2025-12-06 22:39:53.184] [INFO] Run 89 complete: accuracy=0.9433, time=5.28s, seed=131
[2025-12-06 22:39:53.185] [INFO] Progress: 90/100 runs completed (90 successful)
[2025-12-06 22:39:53.185] [INFO] Starting run 90 with seed 132
[2025-12-06 22:39:58.497] [INFO] Run 90 complete: accuracy=0.9404, time=5.31s, seed=132
[2025-12-06 22:39:58.497] [INFO] Starting run 91 with seed 133
[2025-12-06 22:40:03.792] [INFO] Run 91 complete: accuracy=0.9408, time=5.29s, seed=133
[2025-12-06 22:40:03.792] [INFO] Starting run 92 with seed 134
[2025-12-06 22:40:09.094] [INFO] Run 92 complete: accuracy=0.9414, time=5.30s, seed=134
[2025-12-06 22:40:09.095] [INFO] Starting run 93 with seed 135
[2025-12-06 22:40:14.272] [INFO] Run 93 complete: accuracy=0.9399, time=5.18s, seed=135
[2025-12-06 22:40:14.272] [INFO] Starting run 94 with seed 136
[2025-12-06 22:40:19.596] [INFO] Run 94 complete: accuracy=0.9423, time=5.32s, seed=136
[2025-12-06 22:40:19.596] [INFO] Progress: 95/100 runs completed (95 successful)
[2025-12-06 22:40:19.596] [INFO] Starting run 95 with seed 137
[2025-12-06 22:40:24.885] [INFO] Run 95 complete: accuracy=0.9406, time=5.29s, seed=137
[2025-12-06 22:40:24.885] [INFO] Starting run 96 with seed 138
[2025-12-06 22:40:30.090] [INFO] Run 96 complete: accuracy=0.9426, time=5.20s, seed=138
[2025-12-06 22:40:30.090] [INFO] Starting run 97 with seed 139
[2025-12-06 22:40:35.589] [INFO] Run 97 complete: accuracy=0.9399, time=5.50s, seed=139
[2025-12-06 22:40:35.589] [INFO] Starting run 98 with seed 140
[2025-12-06 22:40:40.793] [INFO] Run 98 complete: accuracy=0.9397, time=5.20s, seed=140
[2025-12-06 22:40:40.793] [INFO] Starting run 99 with seed 141
[2025-12-06 22:40:46.183] [INFO] Run 99 complete: accuracy=0.9402, time=5.39s, seed=141
[2025-12-06 22:40:46.183] [INFO] Progress: 100/100 runs completed (100 successful)
[2025-12-06 22:40:46.183] [INFO] ================================================================================
[2025-12-06 22:40:46.183] [INFO] All runs completed: 100/100 successful
[2025-12-06 22:40:46.183] [INFO] ================================================================================
[2025-12-06 22:40:46.183] [INFO] Computing statistics...
[2025-12-06 22:40:46.902] [INFO] Accuracy: 0.9403 ± 0.0012 (std)
[2025-12-06 22:40:46.902] [INFO] Accuracy 95% CI: [0.9401, 0.9405]
[2025-12-06 22:40:46.902] [INFO] Accuracy range: [0.9370, 0.9433]
[2025-12-06 22:40:46.902] [INFO] Median accuracy: 0.9401
[2025-12-06 22:40:46.902] [INFO] Mean time per run: 5.35s ± 0.09s
[2025-12-06 22:40:46.902] [INFO] Total training time: 534.69s (0.15 hours)
[2025-12-06 22:40:46.902] [INFO] Target accuracy: 0.9400
[2025-12-06 22:40:46.902] [INFO] ✓ Target accuracy ACHIEVED: 0.9403 >= 0.9400
[2025-12-06 22:40:46.902] [INFO] ================================================================================
[2025-12-06 22:40:46.902] [INFO] FINALIZING EXPERIMENT
[2025-12-06 22:40:46.903] [INFO] ================================================================================
[2025-12-06 22:40:46.904] [INFO] Experiment completed with 100 runs
[2025-12-06 22:40:46.904] [INFO] Mean accuracy: 0.9403 ± 0.0012
[2025-12-06 22:40:46.904] [INFO] 95% CI: [0.9401, 0.9405]
[2025-12-06 22:40:46.905] [INFO] Summary saved to summary.json
[2025-12-06 22:40:46.905] [INFO] End Time: 2025-12-06 22:40:46.905242
[2025-12-06 22:40:46.905] [INFO] ================================================================================
