
================================================================================
EXPERIMENT LOG
================================================================================
Experiment Name: cifar10_baseline
Start Time: 2025-12-07T05:27:19.952199

GIT INFORMATION:
  Commit:  564309a811be04ac9dc8aca60edc44fada0c8d27
  Branch:  main
  Remote:  https://github.com/alainwelliver/deep-learning-speedrun-project.git
  Dirty:   True
  
GPU INFORMATION:
  CUDA Available: True
  Device Count:   1
  CUDA Version:   12.8
  PyTorch:        2.8.0+cu128
  Device 0: NVIDIA A100 80GB PCIe (85.0 GB)

================================================================================

[2025-12-07 05:27:19.952] [INFO] Starting experiment: cifar10_baseline
[2025-12-07 05:27:19.952] [INFO] Configuration file: configs/baseline.json
[2025-12-07 05:27:19.952] [INFO] Module: airbench94
[2025-12-07 05:27:19.952] [INFO] Number of runs: 100
[2025-12-07 05:27:19.952] [INFO] Base seed: 42
[2025-12-07 05:27:19.952] [INFO] Hypothesis: Baseline performance measurement using original airbench94 configuration
[2025-12-07 05:27:19.952] [INFO] Modification: None - using original airbench94.py without modifications
[2025-12-07 05:27:19.953] [INFO] Hyperparameters saved to hyperparameters.json
[2025-12-07 05:27:19.953] [INFO] Hyperparameters: {
  "experiment_name": "cifar10_baseline",
  "hypothesis": "Baseline performance measurement using original airbench94 configuration",
  "modification": "None - using original airbench94.py without modifications",
  "description": "This is the baseline experiment to establish performance benchmarks. We use the default airbench94 hyperparameters to train a VGG-style model on CIFAR-10. Results from this experiment will serve as the reference point for evaluating modifications.",
  "base_seed": 42,
  "hyperparameters": {
    "note": "These are the default airbench94 hyperparameters. They can be overridden by setting them at the top level of this config.",
    "batch_size": 1024,
    "learning_rate": 11.5,
    "epochs": 9.9,
    "momentum": 0.85,
    "weight_decay": 0.0153,
    "bias_scaler": 64.0,
    "label_smoothing": 0.2,
    "whiten_bias_epochs": 3,
    "augmentation": {
      "flip": true,
      "translate": 2
    },
    "network": {
      "widths": {
        "block1": 64,
        "block2": 256,
        "block3": 256
      },
      "batchnorm_momentum": 0.6,
      "scaling_factor": 0.1111111,
      "tta_level": 2
    }
  },
  "target_accuracy": 0.94,
  "expected_results": {
    "note": "Based on airbench94 paper, we expect ~94% accuracy in ~3.8 seconds on A100",
    "mean_accuracy": 0.9401,
    "std_accuracy": 0.0014,
    "mean_time_seconds": 3.83
  },
  "compute_requirements": {
    "gpu": "NVIDIA A100",
    "gpu_memory_gb": 40,
    "estimated_time_per_run_seconds": 4,
    "estimated_total_time_minutes": 1.5
  },
  "notes": [
    "This baseline uses all the optimizations from the airbench94 paper:",
    "- Frozen patch-whitening initialization",
    "- Identity initialization for conv layers",
    "- Scaled bias learning rates",
    "- Lookahead optimizer",
    "- Multi-crop test-time augmentation",
    "- Alternating flip augmentation",
    "Run this first to establish your baseline before testing modifications."
  ]
}
[2025-12-07 05:27:19.953] [INFO] Loading and configuring airbench94...
[2025-12-07 05:27:20.651] [INFO] Effective augmentation config: {'flip': True, 'translate': 2}
[2025-12-07 05:27:20.651] [INFO] Running warmup...
[2025-12-07 05:27:31.720] [INFO] Warmup complete
[2025-12-07 05:27:31.720] [INFO] ================================================================================
[2025-12-07 05:27:31.720] [INFO] Starting 100 training runs...
[2025-12-07 05:27:31.721] [INFO] ================================================================================
[2025-12-07 05:27:31.721] [INFO] Starting run 0 with seed 42
[2025-12-07 05:27:36.086] [INFO] Run 0 complete: accuracy=0.9393, time=4.36s, seed=42
[2025-12-07 05:27:36.086] [INFO] Starting run 1 with seed 43
[2025-12-07 05:27:40.442] [INFO] Run 1 complete: accuracy=0.9402, time=4.36s, seed=43
[2025-12-07 05:27:40.442] [INFO] Starting run 2 with seed 44
[2025-12-07 05:27:44.812] [INFO] Run 2 complete: accuracy=0.9411, time=4.37s, seed=44
[2025-12-07 05:27:44.812] [INFO] Starting run 3 with seed 45
[2025-12-07 05:27:49.186] [INFO] Run 3 complete: accuracy=0.9409, time=4.37s, seed=45
[2025-12-07 05:27:49.186] [INFO] Starting run 4 with seed 46
[2025-12-07 05:27:53.559] [INFO] Run 4 complete: accuracy=0.9411, time=4.37s, seed=46
[2025-12-07 05:27:53.559] [INFO] Progress: 5/100 runs completed (5 successful)
[2025-12-07 05:27:53.559] [INFO] Starting run 5 with seed 47
[2025-12-07 05:27:57.945] [INFO] Run 5 complete: accuracy=0.9390, time=4.39s, seed=47
[2025-12-07 05:27:57.945] [INFO] Starting run 6 with seed 48
[2025-12-07 05:28:02.335] [INFO] Run 6 complete: accuracy=0.9392, time=4.39s, seed=48
[2025-12-07 05:28:02.335] [INFO] Starting run 7 with seed 49
[2025-12-07 05:28:06.731] [INFO] Run 7 complete: accuracy=0.9388, time=4.40s, seed=49
[2025-12-07 05:28:06.731] [INFO] Starting run 8 with seed 50
[2025-12-07 05:28:11.131] [INFO] Run 8 complete: accuracy=0.9418, time=4.40s, seed=50
[2025-12-07 05:28:11.131] [INFO] Starting run 9 with seed 51
[2025-12-07 05:28:15.526] [INFO] Run 9 complete: accuracy=0.9390, time=4.39s, seed=51
[2025-12-07 05:28:15.526] [INFO] Progress: 10/100 runs completed (10 successful)
[2025-12-07 05:28:15.527] [INFO] Starting run 10 with seed 52
[2025-12-07 05:28:19.934] [INFO] Run 10 complete: accuracy=0.9410, time=4.41s, seed=52
[2025-12-07 05:28:19.934] [INFO] Starting run 11 with seed 53
[2025-12-07 05:28:24.341] [INFO] Run 11 complete: accuracy=0.9401, time=4.41s, seed=53
[2025-12-07 05:28:24.341] [INFO] Starting run 12 with seed 54
[2025-12-07 05:28:28.743] [INFO] Run 12 complete: accuracy=0.9407, time=4.40s, seed=54
[2025-12-07 05:28:28.743] [INFO] Starting run 13 with seed 55
[2025-12-07 05:28:33.151] [INFO] Run 13 complete: accuracy=0.9422, time=4.41s, seed=55
[2025-12-07 05:28:33.151] [INFO] Starting run 14 with seed 56
[2025-12-07 05:28:37.557] [INFO] Run 14 complete: accuracy=0.9416, time=4.41s, seed=56
[2025-12-07 05:28:37.557] [INFO] Progress: 15/100 runs completed (15 successful)
[2025-12-07 05:28:37.557] [INFO] Starting run 15 with seed 57
[2025-12-07 05:28:41.962] [INFO] Run 15 complete: accuracy=0.9396, time=4.40s, seed=57
[2025-12-07 05:28:41.962] [INFO] Starting run 16 with seed 58
[2025-12-07 05:28:46.441] [INFO] Run 16 complete: accuracy=0.9393, time=4.48s, seed=58
[2025-12-07 05:28:46.441] [INFO] Starting run 17 with seed 59
[2025-12-07 05:28:50.845] [INFO] Run 17 complete: accuracy=0.9417, time=4.40s, seed=59
[2025-12-07 05:28:50.845] [INFO] Starting run 18 with seed 60
[2025-12-07 05:28:55.252] [INFO] Run 18 complete: accuracy=0.9389, time=4.41s, seed=60
[2025-12-07 05:28:55.252] [INFO] Starting run 19 with seed 61
[2025-12-07 05:28:59.670] [INFO] Run 19 complete: accuracy=0.9411, time=4.42s, seed=61
[2025-12-07 05:28:59.670] [INFO] Progress: 20/100 runs completed (20 successful)
[2025-12-07 05:28:59.670] [INFO] Starting run 20 with seed 62
[2025-12-07 05:29:04.127] [INFO] Run 20 complete: accuracy=0.9420, time=4.46s, seed=62
[2025-12-07 05:29:04.127] [INFO] Starting run 21 with seed 63
[2025-12-07 05:29:08.545] [INFO] Run 21 complete: accuracy=0.9393, time=4.42s, seed=63
[2025-12-07 05:29:08.545] [INFO] Starting run 22 with seed 64
[2025-12-07 05:29:12.959] [INFO] Run 22 complete: accuracy=0.9404, time=4.41s, seed=64
[2025-12-07 05:29:12.959] [INFO] Starting run 23 with seed 65
[2025-12-07 05:29:17.374] [INFO] Run 23 complete: accuracy=0.9402, time=4.41s, seed=65
[2025-12-07 05:29:17.374] [INFO] Starting run 24 with seed 66
[2025-12-07 05:29:21.848] [INFO] Run 24 complete: accuracy=0.9384, time=4.47s, seed=66
[2025-12-07 05:29:21.848] [INFO] Progress: 25/100 runs completed (25 successful)
[2025-12-07 05:29:21.848] [INFO] Starting run 25 with seed 67
[2025-12-07 05:29:26.269] [INFO] Run 25 complete: accuracy=0.9399, time=4.42s, seed=67
[2025-12-07 05:29:26.269] [INFO] Starting run 26 with seed 68
[2025-12-07 05:29:30.687] [INFO] Run 26 complete: accuracy=0.9400, time=4.42s, seed=68
[2025-12-07 05:29:30.687] [INFO] Starting run 27 with seed 69
[2025-12-07 05:29:35.102] [INFO] Run 27 complete: accuracy=0.9405, time=4.41s, seed=69
[2025-12-07 05:29:35.102] [INFO] Starting run 28 with seed 70
[2025-12-07 05:29:39.539] [INFO] Run 28 complete: accuracy=0.9389, time=4.44s, seed=70
[2025-12-07 05:29:39.539] [INFO] Starting run 29 with seed 71
[2025-12-07 05:29:43.969] [INFO] Run 29 complete: accuracy=0.9426, time=4.43s, seed=71
[2025-12-07 05:29:43.969] [INFO] Progress: 30/100 runs completed (30 successful)
[2025-12-07 05:29:43.969] [INFO] Starting run 30 with seed 72
[2025-12-07 05:29:48.383] [INFO] Run 30 complete: accuracy=0.9383, time=4.41s, seed=72
[2025-12-07 05:29:48.383] [INFO] Starting run 31 with seed 73
[2025-12-07 05:29:52.872] [INFO] Run 31 complete: accuracy=0.9395, time=4.49s, seed=73
[2025-12-07 05:29:52.872] [INFO] Starting run 32 with seed 74
[2025-12-07 05:29:57.357] [INFO] Run 32 complete: accuracy=0.9412, time=4.48s, seed=74
[2025-12-07 05:29:57.358] [INFO] Starting run 33 with seed 75
[2025-12-07 05:30:01.771] [INFO] Run 33 complete: accuracy=0.9394, time=4.41s, seed=75
[2025-12-07 05:30:01.771] [INFO] Starting run 34 with seed 76
[2025-12-07 05:30:06.260] [INFO] Run 34 complete: accuracy=0.9397, time=4.49s, seed=76
[2025-12-07 05:30:06.260] [INFO] Progress: 35/100 runs completed (35 successful)
[2025-12-07 05:30:06.260] [INFO] Starting run 35 with seed 77
[2025-12-07 05:30:10.760] [INFO] Run 35 complete: accuracy=0.9397, time=4.50s, seed=77
[2025-12-07 05:30:10.760] [INFO] Starting run 36 with seed 78
[2025-12-07 05:30:15.179] [INFO] Run 36 complete: accuracy=0.9401, time=4.42s, seed=78
[2025-12-07 05:30:15.179] [INFO] Starting run 37 with seed 79
[2025-12-07 05:30:19.600] [INFO] Run 37 complete: accuracy=0.9389, time=4.42s, seed=79
[2025-12-07 05:30:19.600] [INFO] Starting run 38 with seed 80
[2025-12-07 05:30:24.042] [INFO] Run 38 complete: accuracy=0.9370, time=4.44s, seed=80
[2025-12-07 05:30:24.042] [INFO] Starting run 39 with seed 81
[2025-12-07 05:30:28.476] [INFO] Run 39 complete: accuracy=0.9413, time=4.43s, seed=81
[2025-12-07 05:30:28.476] [INFO] Progress: 40/100 runs completed (40 successful)
[2025-12-07 05:30:28.476] [INFO] Starting run 40 with seed 82
[2025-12-07 05:30:32.933] [INFO] Run 40 complete: accuracy=0.9395, time=4.46s, seed=82
[2025-12-07 05:30:32.933] [INFO] Starting run 41 with seed 83
[2025-12-07 05:30:37.371] [INFO] Run 41 complete: accuracy=0.9412, time=4.44s, seed=83
[2025-12-07 05:30:37.371] [INFO] Starting run 42 with seed 84
[2025-12-07 05:30:41.848] [INFO] Run 42 complete: accuracy=0.9394, time=4.48s, seed=84
[2025-12-07 05:30:41.848] [INFO] Starting run 43 with seed 85
[2025-12-07 05:30:46.277] [INFO] Run 43 complete: accuracy=0.9419, time=4.43s, seed=85
[2025-12-07 05:30:46.277] [INFO] Starting run 44 with seed 86
[2025-12-07 05:30:50.761] [INFO] Run 44 complete: accuracy=0.9407, time=4.48s, seed=86
[2025-12-07 05:30:50.761] [INFO] Progress: 45/100 runs completed (45 successful)
[2025-12-07 05:30:50.761] [INFO] Starting run 45 with seed 87
[2025-12-07 05:30:55.261] [INFO] Run 45 complete: accuracy=0.9402, time=4.50s, seed=87
[2025-12-07 05:30:55.262] [INFO] Starting run 46 with seed 88
[2025-12-07 05:30:59.758] [INFO] Run 46 complete: accuracy=0.9385, time=4.50s, seed=88
[2025-12-07 05:30:59.758] [INFO] Starting run 47 with seed 89
[2025-12-07 05:31:04.258] [INFO] Run 47 complete: accuracy=0.9401, time=4.50s, seed=89
[2025-12-07 05:31:04.258] [INFO] Starting run 48 with seed 90
[2025-12-07 05:31:08.683] [INFO] Run 48 complete: accuracy=0.9411, time=4.42s, seed=90
[2025-12-07 05:31:08.683] [INFO] Starting run 49 with seed 91
[2025-12-07 05:31:13.158] [INFO] Run 49 complete: accuracy=0.9397, time=4.47s, seed=91
[2025-12-07 05:31:13.158] [INFO] Progress: 50/100 runs completed (50 successful)
[2025-12-07 05:31:13.158] [INFO] Starting run 50 with seed 92
[2025-12-07 05:31:17.585] [INFO] Run 50 complete: accuracy=0.9408, time=4.43s, seed=92
[2025-12-07 05:31:17.585] [INFO] Starting run 51 with seed 93
[2025-12-07 05:31:22.057] [INFO] Run 51 complete: accuracy=0.9401, time=4.47s, seed=93
[2025-12-07 05:31:22.057] [INFO] Starting run 52 with seed 94
[2025-12-07 05:31:26.564] [INFO] Run 52 complete: accuracy=0.9418, time=4.51s, seed=94
[2025-12-07 05:31:26.564] [INFO] Starting run 53 with seed 95
[2025-12-07 05:31:31.022] [INFO] Run 53 complete: accuracy=0.9403, time=4.46s, seed=95
[2025-12-07 05:31:31.023] [INFO] Starting run 54 with seed 96
[2025-12-07 05:31:35.478] [INFO] Run 54 complete: accuracy=0.9399, time=4.45s, seed=96
[2025-12-07 05:31:35.478] [INFO] Progress: 55/100 runs completed (55 successful)
[2025-12-07 05:31:35.478] [INFO] Starting run 55 with seed 97
[2025-12-07 05:31:39.936] [INFO] Run 55 complete: accuracy=0.9410, time=4.46s, seed=97
[2025-12-07 05:31:39.936] [INFO] Starting run 56 with seed 98
[2025-12-07 05:31:44.359] [INFO] Run 56 complete: accuracy=0.9380, time=4.42s, seed=98
[2025-12-07 05:31:44.359] [INFO] Starting run 57 with seed 99
[2025-12-07 05:31:48.786] [INFO] Run 57 complete: accuracy=0.9425, time=4.43s, seed=99
[2025-12-07 05:31:48.787] [INFO] Starting run 58 with seed 100
[2025-12-07 05:31:53.241] [INFO] Run 58 complete: accuracy=0.9394, time=4.45s, seed=100
[2025-12-07 05:31:53.241] [INFO] Starting run 59 with seed 101
[2025-12-07 05:31:57.675] [INFO] Run 59 complete: accuracy=0.9419, time=4.43s, seed=101
[2025-12-07 05:31:57.675] [INFO] Progress: 60/100 runs completed (60 successful)
[2025-12-07 05:31:57.675] [INFO] Starting run 60 with seed 102
[2025-12-07 05:32:02.100] [INFO] Run 60 complete: accuracy=0.9398, time=4.42s, seed=102
[2025-12-07 05:32:02.100] [INFO] Starting run 61 with seed 103
[2025-12-07 05:32:06.536] [INFO] Run 61 complete: accuracy=0.9420, time=4.44s, seed=103
[2025-12-07 05:32:06.536] [INFO] Starting run 62 with seed 104
[2025-12-07 05:32:10.968] [INFO] Run 62 complete: accuracy=0.9407, time=4.43s, seed=104
[2025-12-07 05:32:10.968] [INFO] Starting run 63 with seed 105
[2025-12-07 05:32:15.389] [INFO] Run 63 complete: accuracy=0.9407, time=4.42s, seed=105
[2025-12-07 05:32:15.389] [INFO] Starting run 64 with seed 106
[2025-12-07 05:32:19.818] [INFO] Run 64 complete: accuracy=0.9395, time=4.43s, seed=106
[2025-12-07 05:32:19.818] [INFO] Progress: 65/100 runs completed (65 successful)
[2025-12-07 05:32:19.818] [INFO] Starting run 65 with seed 107
[2025-12-07 05:32:24.237] [INFO] Run 65 complete: accuracy=0.9401, time=4.42s, seed=107
[2025-12-07 05:32:24.237] [INFO] Starting run 66 with seed 108
[2025-12-07 05:32:28.665] [INFO] Run 66 complete: accuracy=0.9394, time=4.43s, seed=108
[2025-12-07 05:32:28.665] [INFO] Starting run 67 with seed 109
[2025-12-07 05:32:33.162] [INFO] Run 67 complete: accuracy=0.9403, time=4.50s, seed=109
[2025-12-07 05:32:33.162] [INFO] Starting run 68 with seed 110
[2025-12-07 05:32:37.661] [INFO] Run 68 complete: accuracy=0.9394, time=4.50s, seed=110
[2025-12-07 05:32:37.661] [INFO] Starting run 69 with seed 111
[2025-12-07 05:32:42.159] [INFO] Run 69 complete: accuracy=0.9382, time=4.50s, seed=111
[2025-12-07 05:32:42.159] [INFO] Progress: 70/100 runs completed (70 successful)
[2025-12-07 05:32:42.159] [INFO] Starting run 70 with seed 112
[2025-12-07 05:32:46.663] [INFO] Run 70 complete: accuracy=0.9415, time=4.50s, seed=112
[2025-12-07 05:32:46.663] [INFO] Starting run 71 with seed 113
[2025-12-07 05:32:51.144] [INFO] Run 71 complete: accuracy=0.9398, time=4.48s, seed=113
[2025-12-07 05:32:51.144] [INFO] Starting run 72 with seed 114
[2025-12-07 05:32:55.583] [INFO] Run 72 complete: accuracy=0.9398, time=4.44s, seed=114
[2025-12-07 05:32:55.584] [INFO] Starting run 73 with seed 115
[2025-12-07 05:33:00.062] [INFO] Run 73 complete: accuracy=0.9397, time=4.48s, seed=115
[2025-12-07 05:33:00.062] [INFO] Starting run 74 with seed 116
[2025-12-07 05:33:04.526] [INFO] Run 74 complete: accuracy=0.9398, time=4.46s, seed=116
[2025-12-07 05:33:04.526] [INFO] Progress: 75/100 runs completed (75 successful)
[2025-12-07 05:33:04.526] [INFO] Starting run 75 with seed 117
[2025-12-07 05:33:08.951] [INFO] Run 75 complete: accuracy=0.9401, time=4.43s, seed=117
[2025-12-07 05:33:08.951] [INFO] Starting run 76 with seed 118
[2025-12-07 05:33:13.382] [INFO] Run 76 complete: accuracy=0.9403, time=4.43s, seed=118
[2025-12-07 05:33:13.382] [INFO] Starting run 77 with seed 119
[2025-12-07 05:33:17.857] [INFO] Run 77 complete: accuracy=0.9394, time=4.47s, seed=119
[2025-12-07 05:33:17.857] [INFO] Starting run 78 with seed 120
[2025-12-07 05:33:22.282] [INFO] Run 78 complete: accuracy=0.9407, time=4.42s, seed=120
[2025-12-07 05:33:22.282] [INFO] Starting run 79 with seed 121
[2025-12-07 05:33:26.750] [INFO] Run 79 complete: accuracy=0.9401, time=4.47s, seed=121
[2025-12-07 05:33:26.750] [INFO] Progress: 80/100 runs completed (80 successful)
[2025-12-07 05:33:26.750] [INFO] Starting run 80 with seed 122
[2025-12-07 05:33:31.174] [INFO] Run 80 complete: accuracy=0.9413, time=4.42s, seed=122
[2025-12-07 05:33:31.174] [INFO] Starting run 81 with seed 123
[2025-12-07 05:33:35.602] [INFO] Run 81 complete: accuracy=0.9413, time=4.43s, seed=123
[2025-12-07 05:33:35.602] [INFO] Starting run 82 with seed 124
[2025-12-07 05:33:40.024] [INFO] Run 82 complete: accuracy=0.9390, time=4.42s, seed=124
[2025-12-07 05:33:40.024] [INFO] Starting run 83 with seed 125
[2025-12-07 05:33:44.460] [INFO] Run 83 complete: accuracy=0.9413, time=4.44s, seed=125
[2025-12-07 05:33:44.460] [INFO] Starting run 84 with seed 126
[2025-12-07 05:33:48.964] [INFO] Run 84 complete: accuracy=0.9398, time=4.50s, seed=126
[2025-12-07 05:33:48.964] [INFO] Progress: 85/100 runs completed (85 successful)
[2025-12-07 05:33:48.964] [INFO] Starting run 85 with seed 127
[2025-12-07 05:33:53.430] [INFO] Run 85 complete: accuracy=0.9392, time=4.47s, seed=127
[2025-12-07 05:33:53.430] [INFO] Starting run 86 with seed 128
[2025-12-07 05:33:57.862] [INFO] Run 86 complete: accuracy=0.9410, time=4.43s, seed=128
[2025-12-07 05:33:57.862] [INFO] Starting run 87 with seed 129
[2025-12-07 05:34:02.362] [INFO] Run 87 complete: accuracy=0.9416, time=4.50s, seed=129
[2025-12-07 05:34:02.362] [INFO] Starting run 88 with seed 130
[2025-12-07 05:34:06.786] [INFO] Run 88 complete: accuracy=0.9426, time=4.42s, seed=130
[2025-12-07 05:34:06.786] [INFO] Starting run 89 with seed 131
[2025-12-07 05:34:11.255] [INFO] Run 89 complete: accuracy=0.9433, time=4.47s, seed=131
[2025-12-07 05:34:11.255] [INFO] Progress: 90/100 runs completed (90 successful)
[2025-12-07 05:34:11.255] [INFO] Starting run 90 with seed 132
[2025-12-07 05:34:15.686] [INFO] Run 90 complete: accuracy=0.9404, time=4.43s, seed=132
[2025-12-07 05:34:15.686] [INFO] Starting run 91 with seed 133
[2025-12-07 05:34:20.162] [INFO] Run 91 complete: accuracy=0.9408, time=4.48s, seed=133
[2025-12-07 05:34:20.162] [INFO] Starting run 92 with seed 134
[2025-12-07 05:34:24.664] [INFO] Run 92 complete: accuracy=0.9414, time=4.50s, seed=134
[2025-12-07 05:34:24.664] [INFO] Starting run 93 with seed 135
[2025-12-07 05:34:29.100] [INFO] Run 93 complete: accuracy=0.9399, time=4.44s, seed=135
[2025-12-07 05:34:29.100] [INFO] Starting run 94 with seed 136
[2025-12-07 05:34:33.559] [INFO] Run 94 complete: accuracy=0.9423, time=4.46s, seed=136
[2025-12-07 05:34:33.559] [INFO] Progress: 95/100 runs completed (95 successful)
[2025-12-07 05:34:33.559] [INFO] Starting run 95 with seed 137
[2025-12-07 05:34:37.992] [INFO] Run 95 complete: accuracy=0.9406, time=4.43s, seed=137
[2025-12-07 05:34:37.992] [INFO] Starting run 96 with seed 138
[2025-12-07 05:34:42.424] [INFO] Run 96 complete: accuracy=0.9426, time=4.43s, seed=138
[2025-12-07 05:34:42.424] [INFO] Starting run 97 with seed 139
[2025-12-07 05:34:46.853] [INFO] Run 97 complete: accuracy=0.9399, time=4.43s, seed=139
[2025-12-07 05:34:46.853] [INFO] Starting run 98 with seed 140
[2025-12-07 05:34:51.276] [INFO] Run 98 complete: accuracy=0.9397, time=4.42s, seed=140
[2025-12-07 05:34:51.276] [INFO] Starting run 99 with seed 141
[2025-12-07 05:34:55.706] [INFO] Run 99 complete: accuracy=0.9402, time=4.43s, seed=141
[2025-12-07 05:34:55.706] [INFO] Progress: 100/100 runs completed (100 successful)
[2025-12-07 05:34:55.706] [INFO] ================================================================================
[2025-12-07 05:34:55.706] [INFO] All runs completed: 100/100 successful
[2025-12-07 05:34:55.706] [INFO] ================================================================================
[2025-12-07 05:34:55.706] [INFO] Computing statistics...
[2025-12-07 05:34:56.041] [INFO] Accuracy: 0.9403 ± 0.0012 (std)
[2025-12-07 05:34:56.041] [INFO] Accuracy 95% CI: [0.9401, 0.9405]
[2025-12-07 05:34:56.041] [INFO] Accuracy range: [0.9370, 0.9433]
[2025-12-07 05:34:56.041] [INFO] Median accuracy: 0.9401
[2025-12-07 05:34:56.041] [INFO] Mean time per run: 4.44s ± 0.04s
[2025-12-07 05:34:56.041] [INFO] Total training time: 443.92s (0.12 hours)
[2025-12-07 05:34:56.041] [INFO] Target accuracy: 0.9400
[2025-12-07 05:34:56.041] [INFO] ✓ Target accuracy ACHIEVED: 0.9403 >= 0.9400
[2025-12-07 05:34:56.041] [INFO] ================================================================================
[2025-12-07 05:34:56.041] [INFO] FINALIZING EXPERIMENT
[2025-12-07 05:34:56.041] [INFO] ================================================================================
[2025-12-07 05:34:56.042] [INFO] Experiment completed with 100 runs
[2025-12-07 05:34:56.042] [INFO] Mean accuracy: 0.9403 ± 0.0012
[2025-12-07 05:34:56.042] [INFO] 95% CI: [0.9401, 0.9405]
[2025-12-07 05:34:56.043] [INFO] Summary saved to summary.json
[2025-12-07 05:34:56.043] [INFO] End Time: 2025-12-07 05:34:56.043275
[2025-12-07 05:34:56.043] [INFO] ================================================================================
